Using pre-set license
Built from '2020.3/staging' branch; Version is '2020.3.5f1 (8095aa901b9b) revision 8426922'; Using compiler version '192528614'; Build Type 'Release'
OS: 'Windows 10 Education; OS build 18363.1500; Version 1909; 64bit' Language: 'en' Physical Memory: 16194 MB
BatchMode: 1, IsHumanControllingUs: 0, StartBugReporterOnCrash: 0, Is64bit: 1, IsPro: 0

 COMMAND LINE ARGUMENTS:
C:\Program Files\Unity\Hub\Editor\2020.3.5f1\Editor\Unity.exe
-adb2
-batchMode
-noUpm
-name
AssetImportWorker79
-projectPath
C:/Users/eecheve/Documents/UnityProjects/VRxn Repo/VRxn
-logFile
Logs/AssetImportWorker79.log
-srvPort
62298
Successfully changed project path to: C:/Users/eecheve/Documents/UnityProjects/VRxn Repo/VRxn
C:/Users/eecheve/Documents/UnityProjects/VRxn Repo/VRxn
Using Asset Import Pipeline V2.
Refreshing native plugins compatible for Editor in 94.38 ms, found 3 plugins.
Preloading 1 native plugins for Editor in 4.88 ms.
Initialize engine version: 2020.3.5f1 (8095aa901b9b)
[Subsystems] Discovering subsystems at path C:/Program Files/Unity/Hub/Editor/2020.3.5f1/Editor/Data/Resources/UnitySubsystems
[Subsystems] Discovering subsystems at path C:/Users/eecheve/Documents/UnityProjects/VRxn Repo/VRxn/Assets
GfxDevice: creating device client; threaded=0
Direct3D:
    Version:  Direct3D 11.0 [level 11.1]
    Renderer: Intel(R) UHD Graphics 620 (ID=0x3ea0)
    Vendor:   
    VRAM:     8097 MB
    Driver:   26.20.100.8141
Shader 'Universal Render Pipeline/Particles/Lit': fallback shader 'Universal Render Pipeline/Particles/SimpleLit' not found
Initialize mono
Mono path[0] = 'C:/Program Files/Unity/Hub/Editor/2020.3.5f1/Editor/Data/Managed'
Mono path[1] = 'C:/Program Files/Unity/Hub/Editor/2020.3.5f1/Editor/Data/MonoBleedingEdge/lib/mono/unityjit'
Mono config path = 'C:/Program Files/Unity/Hub/Editor/2020.3.5f1/Editor/Data/MonoBleedingEdge/etc'
Using monoOptions --debugger-agent=transport=dt_socket,embedding=1,server=y,suspend=n,address=127.0.0.1:56256
Begin MonoManager ReloadAssembly
Registering precompiled unity dll's ...
Register platform support module: C:/Program Files/Unity/Hub/Editor/2020.3.5f1/Editor/Data/PlaybackEngines/WindowsStandaloneSupport/UnityEditor.WindowsStandalone.Extensions.dll
Registered in 0.004246 seconds.
Native extension for WindowsStandalone target not found
Refreshing native plugins compatible for Editor in 106.45 ms, found 3 plugins.
Preloading 1 native plugins for Editor in 0.16 ms.
Mono: successfully reloaded assembly
- Completed reload, in  4.886 seconds
Platform modules already initialized, skipping
Registering precompiled user dll's ...
Registered in 0.005161 seconds.
Begin MonoManager ReloadAssembly
Native extension for WindowsStandalone target not found
Refreshing native plugins compatible for Editor in 82.93 ms, found 3 plugins.
Preloading 1 native plugins for Editor in 0.13 ms.
[XR] OculusXRPlugin: registering subsystems
[XR] Unable to register display lifecyle provider: [1]
[XR] Oculus Input lifecycle provider registered.
[XR] Unable to register input lifecyle provider: [1]
NullReferenceException: Object reference not set to an instance of an object
  at Unity.XR.Oculus.OculusLoader.AssetPathToAbsolutePath (System.String assetPath) [0x00048] in C:\Users\eecheve\Documents\UnityProjects\VRxn Repo\VRxn\Library\PackageCache\com.unity.xr.oculus@1.9.0\Runtime\OculusLoader.cs:249 
  at Unity.XR.Oculus.OculusLoader.EditorLoadOVRPlugin () [0x0007b] in C:\Users\eecheve\Documents\UnityProjects\VRxn Repo\VRxn\Library\PackageCache\com.unity.xr.oculus@1.9.0\Runtime\OculusLoader.cs:234 

(Filename: Library/PackageCache/com.unity.xr.oculus@1.9.0/Runtime/OculusLoader.cs Line: 249)

Mono: successfully reloaded assembly
- Completed reload, in  1.413 seconds
Platform modules already initialized, skipping
========================================================================
Worker process is ready to serve import requests
Shader 'Universal Render Pipeline/Particles/Lit': fallback shader 'Universal Render Pipeline/Particles/SimpleLit' not found
Launched and connected shader compiler UnityShaderCompiler.exe after 0.06 seconds
Refreshing native plugins compatible for Editor in 1.24 ms, found 3 plugins.
Preloading 1 native plugins for Editor in 0.18 ms.
Unloading 3297 Unused Serialized files (Serialized files now loaded: 0)
System memory in use before: 167.5 MB.
System memory in use after: 167.7 MB.

Unloading 13 unused Assets to reduce memory usage. Loaded Objects now: 3769.
Total: 3.222200 ms (FindLiveObjects: 0.405700 ms CreateObjectMapping: 0.190000 ms MarkObjects: 2.533900 ms  DeleteObjects: 0.091500 ms)

========================================================================
Received Import Request.
  path: Assets/Animations/Controllers/QuestLeftController.controller
  artifactKey: Guid(1da722376204ebe4784dc79014ec9f82) Importer(815301076,1909f56bfc062723c751e8b465ee728b)
Start importing Assets/Animations/Controllers/QuestLeftController.controller using Guid(1da722376204ebe4784dc79014ec9f82) Importer(815301076,1909f56bfc062723c751e8b465ee728b)  -> (artifact id: 'e6ef494a03c4178a93bbd6e40287698a') in 0.065916 seconds
  Import took 0.072782 seconds .

========================================================================
Received Import Request.
  Time since last request: 103.508546 seconds.
  path: Assets/Scripts/Animations
  artifactKey: Guid(d26f3fff078d04f469ef8e4016fce715) Importer(815301076,1909f56bfc062723c751e8b465ee728b)
Start importing Assets/Scripts/Animations using Guid(d26f3fff078d04f469ef8e4016fce715) Importer(815301076,1909f56bfc062723c751e8b465ee728b)  -> (artifact id: '92a22b128e4b3ab369cd7efbe89500d6') in 0.010364 seconds
  Import took 0.018620 seconds .

========================================================================
Received Import Request.
  Time since last request: 1.127047 seconds.
  path: Assets/Scripts/Animations/QuestControllerAnimation.cs
  artifactKey: Guid(8b25a74f26c41c24aa5bec80e677638a) Importer(815301076,1909f56bfc062723c751e8b465ee728b)
Start importing Assets/Scripts/Animations/QuestControllerAnimation.cs using Guid(8b25a74f26c41c24aa5bec80e677638a) Importer(815301076,1909f56bfc062723c751e8b465ee728b)  -> (artifact id: '22d09f5e972c3c826d485f491fe04fa4') in 0.088638 seconds
  Import took 0.095922 seconds .

========================================================================
Received Prepare
Registering precompiled user dll's ...
Registered in 0.005007 seconds.
Begin MonoManager ReloadAssembly
Native extension for WindowsStandalone target not found
Refreshing native plugins compatible for Editor in 0.86 ms, found 3 plugins.
Preloading 1 native plugins for Editor in 0.13 ms.
NullReferenceException: Object reference not set to an instance of an object
  at Unity.XR.Oculus.OculusLoader.AssetPathToAbsolutePath (System.String assetPath) [0x00048] in C:\Users\eecheve\Documents\UnityProjects\VRxn Repo\VRxn\Library\PackageCache\com.unity.xr.oculus@1.9.0\Runtime\OculusLoader.cs:249 
  at Unity.XR.Oculus.OculusLoader.EditorLoadOVRPlugin () [0x0007b] in C:\Users\eecheve\Documents\UnityProjects\VRxn Repo\VRxn\Library\PackageCache\com.unity.xr.oculus@1.9.0\Runtime\OculusLoader.cs:234 

(Filename: Library/PackageCache/com.unity.xr.oculus@1.9.0/Runtime/OculusLoader.cs Line: 249)

Mono: successfully reloaded assembly
- Completed reload, in  1.282 seconds
Platform modules already initialized, skipping
Switching build target platform(5) subTarget(0) extendedPlatform(0) -> platform(13) subTarget(524294) extendedPlatform(0)
Shader 'Universal Render Pipeline/Particles/Lit': fallback shader 'Universal Render Pipeline/Particles/SimpleLit' not found
Refreshing native plugins compatible for Editor in 0.80 ms, found 3 plugins.
Preloading 1 native plugins for Editor in 0.12 ms.
Unloading 3162 Unused Serialized files (Serialized files now loaded: 0)
System memory in use before: 156.1 MB.
System memory in use after: 156.3 MB.

Unloading 7 unused Assets to reduce memory usage. Loaded Objects now: 3773.
Total: 3.282000 ms (FindLiveObjects: 0.471600 ms CreateObjectMapping: 0.217300 ms MarkObjects: 2.571400 ms  DeleteObjects: 0.019800 ms)

AssetImportParameters requested are different than current active one (requested -> active):
  custom:graphics/normal-map-encoding: 01000000000000000000000000000000 -> 02000000000000000000000000000000
========================================================================
Received Prepare
Shader 'Universal Render Pipeline/Particles/Lit': fallback shader 'Universal Render Pipeline/Particles/SimpleLit' not found
Refreshing native plugins compatible for Editor in 2.82 ms, found 3 plugins.
Preloading 1 native plugins for Editor in 0.12 ms.
Unloading 3 Unused Serialized files (Serialized files now loaded: 0)
System memory in use before: 96.3 MB.
System memory in use after: 96.6 MB.

Unloading 3 unused Assets to reduce memory usage. Loaded Objects now: 3773.
Total: 3.766500 ms (FindLiveObjects: 0.455300 ms CreateObjectMapping: 0.283000 ms MarkObjects: 3.007100 ms  DeleteObjects: 0.019600 ms)

========================================================================
Received Prepare
Registering precompiled user dll's ...
Registered in 0.003453 seconds.
Begin MonoManager ReloadAssembly
Native extension for WindowsStandalone target not found
Refreshing native plugins compatible for Editor in 0.86 ms, found 3 plugins.
Preloading 1 native plugins for Editor in 0.12 ms.
NullReferenceException: Object reference not set to an instance of an object
  at Unity.XR.Oculus.OculusLoader.AssetPathToAbsolutePath (System.String assetPath) [0x00048] in C:\Users\eecheve\Documents\UnityProjects\VRxn Repo\VRxn\Library\PackageCache\com.unity.xr.oculus@1.9.0\Runtime\OculusLoader.cs:249 
  at Unity.XR.Oculus.OculusLoader.EditorLoadOVRPlugin () [0x0007b] in C:\Users\eecheve\Documents\UnityProjects\VRxn Repo\VRxn\Library\PackageCache\com.unity.xr.oculus@1.9.0\Runtime\OculusLoader.cs:234 

(Filename: Library/PackageCache/com.unity.xr.oculus@1.9.0/Runtime/OculusLoader.cs Line: 249)

Mono: successfully reloaded assembly
- Completed reload, in  1.592 seconds
Platform modules already initialized, skipping
Switching build target platform(5) subTarget(0) extendedPlatform(0) -> platform(13) subTarget(524294) extendedPlatform(0)
Shader 'Universal Render Pipeline/Particles/Lit': fallback shader 'Universal Render Pipeline/Particles/SimpleLit' not found
Refreshing native plugins compatible for Editor in 0.90 ms, found 3 plugins.
Preloading 1 native plugins for Editor in 0.11 ms.
Unloading 3162 Unused Serialized files (Serialized files now loaded: 0)
System memory in use before: 156.2 MB.
System memory in use after: 156.4 MB.

Unloading 7 unused Assets to reduce memory usage. Loaded Objects now: 3777.
Total: 3.271400 ms (FindLiveObjects: 0.463900 ms CreateObjectMapping: 0.222700 ms MarkObjects: 2.562200 ms  DeleteObjects: 0.021000 ms)

AssetImportParameters requested are different than current active one (requested -> active):
  custom:graphics/normal-map-encoding: 01000000000000000000000000000000 -> 02000000000000000000000000000000
========================================================================
Received Prepare
Shader 'Universal Render Pipeline/Particles/Lit': fallback shader 'Universal Render Pipeline/Particles/SimpleLit' not found
Refreshing native plugins compatible for Editor in 3.84 ms, found 3 plugins.
Preloading 1 native plugins for Editor in 0.42 ms.
Unloading 3 Unused Serialized files (Serialized files now loaded: 0)
System memory in use before: 96.4 MB.
System memory in use after: 96.6 MB.

Unloading 3 unused Assets to reduce memory usage. Loaded Objects now: 3777.
Total: 5.412800 ms (FindLiveObjects: 1.853300 ms CreateObjectMapping: 0.387600 ms MarkObjects: 3.148900 ms  DeleteObjects: 0.018800 ms)

