Using pre-set license
Built from '2020.3/staging' branch; Version is '2020.3.5f1 (8095aa901b9b) revision 8426922'; Using compiler version '192528614'; Build Type 'Release'
OS: 'Windows 10 Education; OS build 18363.1679; Version 1909; 64bit' Language: 'en' Physical Memory: 16194 MB
BatchMode: 1, IsHumanControllingUs: 0, StartBugReporterOnCrash: 0, Is64bit: 1, IsPro: 0

 COMMAND LINE ARGUMENTS:
C:\Program Files\Unity\Hub\Editor\2020.3.5f1\Editor\Unity.exe
-adb2
-batchMode
-noUpm
-name
AssetImportWorker0
-projectPath
C:/Users/eecheve/Documents/UnityProjects/VRxn Repo/VRxn
-logFile
Logs/AssetImportWorker0.log
-srvPort
53378
Successfully changed project path to: C:/Users/eecheve/Documents/UnityProjects/VRxn Repo/VRxn
C:/Users/eecheve/Documents/UnityProjects/VRxn Repo/VRxn
Using Asset Import Pipeline V2.
Refreshing native plugins compatible for Editor in 180.54 ms, found 3 plugins.
Preloading 1 native plugins for Editor in 1.20 ms.
Initialize engine version: 2020.3.5f1 (8095aa901b9b)
[Subsystems] Discovering subsystems at path C:/Program Files/Unity/Hub/Editor/2020.3.5f1/Editor/Data/Resources/UnitySubsystems
[Subsystems] Discovering subsystems at path C:/Users/eecheve/Documents/UnityProjects/VRxn Repo/VRxn/Assets
GfxDevice: creating device client; threaded=0
Direct3D:
    Version:  Direct3D 11.0 [level 11.1]
    Renderer: Intel(R) UHD Graphics 620 (ID=0x3ea0)
    Vendor:   
    VRAM:     8097 MB
    Driver:   26.20.100.8141
Shader 'Universal Render Pipeline/Particles/Lit': fallback shader 'Universal Render Pipeline/Particles/SimpleLit' not found
Initialize mono
Mono path[0] = 'C:/Program Files/Unity/Hub/Editor/2020.3.5f1/Editor/Data/Managed'
Mono path[1] = 'C:/Program Files/Unity/Hub/Editor/2020.3.5f1/Editor/Data/MonoBleedingEdge/lib/mono/unityjit'
Mono config path = 'C:/Program Files/Unity/Hub/Editor/2020.3.5f1/Editor/Data/MonoBleedingEdge/etc'
Using monoOptions --debugger-agent=transport=dt_socket,embedding=1,server=y,suspend=n,address=127.0.0.1:56736
Begin MonoManager ReloadAssembly
Registering precompiled unity dll's ...
Register platform support module: C:/Program Files/Unity/Hub/Editor/2020.3.5f1/Editor/Data/PlaybackEngines/WindowsStandaloneSupport/UnityEditor.WindowsStandalone.Extensions.dll
Registered in 0.003220 seconds.
Native extension for WindowsStandalone target not found
Refreshing native plugins compatible for Editor in 146.22 ms, found 3 plugins.
Preloading 1 native plugins for Editor in 0.18 ms.
Mono: successfully reloaded assembly
- Completed reload, in  5.262 seconds
Platform modules already initialized, skipping
Registering precompiled user dll's ...
Registered in 0.014522 seconds.
Begin MonoManager ReloadAssembly
Native extension for WindowsStandalone target not found
Refreshing native plugins compatible for Editor in 174.63 ms, found 3 plugins.
Preloading 1 native plugins for Editor in 0.17 ms.
[XR] OculusXRPlugin: registering subsystems
[XR] Unable to register display lifecyle provider: [1]
[XR] Oculus Input lifecycle provider registered.
[XR] Unable to register input lifecyle provider: [1]
NullReferenceException: Object reference not set to an instance of an object
  at Unity.XR.Oculus.OculusLoader.AssetPathToAbsolutePath (System.String assetPath) [0x00048] in C:\Users\eecheve\Documents\UnityProjects\VRxn Repo\VRxn\Library\PackageCache\com.unity.xr.oculus@1.9.0\Runtime\OculusLoader.cs:249 
  at Unity.XR.Oculus.OculusLoader.EditorLoadOVRPlugin () [0x0007b] in C:\Users\eecheve\Documents\UnityProjects\VRxn Repo\VRxn\Library\PackageCache\com.unity.xr.oculus@1.9.0\Runtime\OculusLoader.cs:234 

(Filename: Library/PackageCache/com.unity.xr.oculus@1.9.0/Runtime/OculusLoader.cs Line: 249)

Mono: successfully reloaded assembly
- Completed reload, in  2.931 seconds
Platform modules already initialized, skipping
========================================================================
Worker process is ready to serve import requests
Shader 'Universal Render Pipeline/Particles/Lit': fallback shader 'Universal Render Pipeline/Particles/SimpleLit' not found
Launched and connected shader compiler UnityShaderCompiler.exe after 0.09 seconds
Refreshing native plugins compatible for Editor in 0.97 ms, found 3 plugins.
Preloading 1 native plugins for Editor in 0.11 ms.
Unloading 3327 Unused Serialized files (Serialized files now loaded: 0)
System memory in use before: 169.1 MB.
System memory in use after: 169.3 MB.

Unloading 13 unused Assets to reduce memory usage. Loaded Objects now: 3799.
Total: 3.920300 ms (FindLiveObjects: 0.572700 ms CreateObjectMapping: 0.177900 ms MarkObjects: 3.030700 ms  DeleteObjects: 0.137500 ms)

========================================================================
Received Import Request.
  path: Assets/Scripts/Tutorial/DragSliderTutorial.cs
  artifactKey: Guid(0eea14a9849820e4db12db9bcd37c2e8) Importer(815301076,1909f56bfc062723c751e8b465ee728b)
Start importing Assets/Scripts/Tutorial/DragSliderTutorial.cs using Guid(0eea14a9849820e4db12db9bcd37c2e8) Importer(815301076,1909f56bfc062723c751e8b465ee728b)  -> (artifact id: '34a3ebde99000f3b7d397059f641418c') in 0.058227 seconds
  Import took 0.069135 seconds .

========================================================================
Received Import Request.
  Time since last request: 0.000320 seconds.
  path: Assets/Scripts/Tutorial/DragRadialSlider.cs
  artifactKey: Guid(b9893319e9c90d548b64a27ab1aaacbb) Importer(815301076,1909f56bfc062723c751e8b465ee728b)
Start importing Assets/Scripts/Tutorial/DragRadialSlider.cs using Guid(b9893319e9c90d548b64a27ab1aaacbb) Importer(815301076,1909f56bfc062723c751e8b465ee728b)  -> (artifact id: 'bdb0a47b90b21187e35e7be23bc92db2') in 0.016539 seconds
  Import took 0.028572 seconds .

========================================================================
Received Prepare
Registering precompiled user dll's ...
Registered in 0.006776 seconds.
Begin MonoManager ReloadAssembly
Native extension for WindowsStandalone target not found
Refreshing native plugins compatible for Editor in 0.95 ms, found 3 plugins.
Preloading 1 native plugins for Editor in 0.14 ms.
NullReferenceException: Object reference not set to an instance of an object
  at Unity.XR.Oculus.OculusLoader.AssetPathToAbsolutePath (System.String assetPath) [0x00048] in C:\Users\eecheve\Documents\UnityProjects\VRxn Repo\VRxn\Library\PackageCache\com.unity.xr.oculus@1.9.0\Runtime\OculusLoader.cs:249 
  at Unity.XR.Oculus.OculusLoader.EditorLoadOVRPlugin () [0x0007b] in C:\Users\eecheve\Documents\UnityProjects\VRxn Repo\VRxn\Library\PackageCache\com.unity.xr.oculus@1.9.0\Runtime\OculusLoader.cs:234 

(Filename: Library/PackageCache/com.unity.xr.oculus@1.9.0/Runtime/OculusLoader.cs Line: 249)

Mono: successfully reloaded assembly
- Completed reload, in  2.613 seconds
Platform modules already initialized, skipping
Switching build target platform(5) subTarget(0) extendedPlatform(0) -> platform(13) subTarget(524294) extendedPlatform(0)
Shader 'Universal Render Pipeline/Particles/Lit': fallback shader 'Universal Render Pipeline/Particles/SimpleLit' not found
Refreshing native plugins compatible for Editor in 1.16 ms, found 3 plugins.
Preloading 1 native plugins for Editor in 0.20 ms.
Unloading 3191 Unused Serialized files (Serialized files now loaded: 0)
System memory in use before: 157.1 MB.
System memory in use after: 157.4 MB.

Unloading 7 unused Assets to reduce memory usage. Loaded Objects now: 3803.
Total: 4.420700 ms (FindLiveObjects: 0.427600 ms CreateObjectMapping: 0.231800 ms MarkObjects: 3.738900 ms  DeleteObjects: 0.020800 ms)

AssetImportParameters requested are different than current active one (requested -> active):
  custom:graphics/normal-map-encoding: 01000000000000000000000000000000 -> 02000000000000000000000000000000
========================================================================
Received Import Request.
  Time since last request: 28.624859 seconds.
  path: Assets/Scripts/Tutorial/DragRadialSliderTutorial.cs
  artifactKey: Guid(1f44c635b7490ce409a4fbf24b46864f) Importer(815301076,1909f56bfc062723c751e8b465ee728b)
Start importing Assets/Scripts/Tutorial/DragRadialSliderTutorial.cs using Guid(1f44c635b7490ce409a4fbf24b46864f) Importer(815301076,1909f56bfc062723c751e8b465ee728b)  -> (artifact id: '57427b9f8b12f042734468d33e9b79e4') in 0.023000 seconds
  Import took 0.040717 seconds .

========================================================================
Received Prepare
Registering precompiled user dll's ...
Registered in 0.007500 seconds.
Begin MonoManager ReloadAssembly
Native extension for WindowsStandalone target not found
Refreshing native plugins compatible for Editor in 1.06 ms, found 3 plugins.
Preloading 1 native plugins for Editor in 0.11 ms.
NullReferenceException: Object reference not set to an instance of an object
  at Unity.XR.Oculus.OculusLoader.AssetPathToAbsolutePath (System.String assetPath) [0x00048] in C:\Users\eecheve\Documents\UnityProjects\VRxn Repo\VRxn\Library\PackageCache\com.unity.xr.oculus@1.9.0\Runtime\OculusLoader.cs:249 
  at Unity.XR.Oculus.OculusLoader.EditorLoadOVRPlugin () [0x0007b] in C:\Users\eecheve\Documents\UnityProjects\VRxn Repo\VRxn\Library\PackageCache\com.unity.xr.oculus@1.9.0\Runtime\OculusLoader.cs:234 

(Filename: Library/PackageCache/com.unity.xr.oculus@1.9.0/Runtime/OculusLoader.cs Line: 249)

Mono: successfully reloaded assembly
- Completed reload, in  2.503 seconds
Platform modules already initialized, skipping
Switching build target platform(5) subTarget(0) extendedPlatform(0) -> platform(13) subTarget(524294) extendedPlatform(0)
Shader 'Universal Render Pipeline/Particles/Lit': fallback shader 'Universal Render Pipeline/Particles/SimpleLit' not found
Refreshing native plugins compatible for Editor in 1.83 ms, found 3 plugins.
Preloading 1 native plugins for Editor in 0.23 ms.
Unloading 3192 Unused Serialized files (Serialized files now loaded: 0)
System memory in use before: 157.2 MB.
System memory in use after: 157.5 MB.

Unloading 7 unused Assets to reduce memory usage. Loaded Objects now: 3808.
Total: 8.360600 ms (FindLiveObjects: 0.865500 ms CreateObjectMapping: 0.474200 ms MarkObjects: 6.980100 ms  DeleteObjects: 0.037800 ms)

AssetImportParameters requested are different than current active one (requested -> active):
  custom:graphics/normal-map-encoding: 01000000000000000000000000000000 -> 02000000000000000000000000000000
========================================================================
Received Prepare
Registering precompiled user dll's ...
Registered in 0.002700 seconds.
Begin MonoManager ReloadAssembly
Native extension for WindowsStandalone target not found
Refreshing native plugins compatible for Editor in 0.69 ms, found 3 plugins.
Preloading 1 native plugins for Editor in 0.09 ms.
NullReferenceException: Object reference not set to an instance of an object
  at Unity.XR.Oculus.OculusLoader.AssetPathToAbsolutePath (System.String assetPath) [0x00048] in C:\Users\eecheve\Documents\UnityProjects\VRxn Repo\VRxn\Library\PackageCache\com.unity.xr.oculus@1.9.0\Runtime\OculusLoader.cs:249 
  at Unity.XR.Oculus.OculusLoader.EditorLoadOVRPlugin () [0x0007b] in C:\Users\eecheve\Documents\UnityProjects\VRxn Repo\VRxn\Library\PackageCache\com.unity.xr.oculus@1.9.0\Runtime\OculusLoader.cs:234 

(Filename: Library/PackageCache/com.unity.xr.oculus@1.9.0/Runtime/OculusLoader.cs Line: 249)

Mono: successfully reloaded assembly
- Completed reload, in  0.997 seconds
Platform modules already initialized, skipping
Switching build target platform(5) subTarget(0) extendedPlatform(0) -> platform(13) subTarget(524294) extendedPlatform(0)
Shader 'Universal Render Pipeline/Particles/Lit': fallback shader 'Universal Render Pipeline/Particles/SimpleLit' not found
Refreshing native plugins compatible for Editor in 0.66 ms, found 3 plugins.
Preloading 1 native plugins for Editor in 0.09 ms.
Unloading 3192 Unused Serialized files (Serialized files now loaded: 0)
System memory in use before: 157.3 MB.
System memory in use after: 157.5 MB.

Unloading 7 unused Assets to reduce memory usage. Loaded Objects now: 3812.
Total: 9.490300 ms (FindLiveObjects: 0.801900 ms CreateObjectMapping: 0.435100 ms MarkObjects: 8.198000 ms  DeleteObjects: 0.050300 ms)

AssetImportParameters requested are different than current active one (requested -> active):
  custom:graphics/normal-map-encoding: 01000000000000000000000000000000 -> 02000000000000000000000000000000
========================================================================
Received Prepare
Shader 'Universal Render Pipeline/Particles/Lit': fallback shader 'Universal Render Pipeline/Particles/SimpleLit' not found
Refreshing native plugins compatible for Editor in 1.52 ms, found 3 plugins.
Preloading 1 native plugins for Editor in 0.11 ms.
Unloading 3 Unused Serialized files (Serialized files now loaded: 0)
System memory in use before: 97.3 MB.
System memory in use after: 97.6 MB.

Unloading 3 unused Assets to reduce memory usage. Loaded Objects now: 3812.
Total: 3.493500 ms (FindLiveObjects: 0.365100 ms CreateObjectMapping: 0.188600 ms MarkObjects: 2.888400 ms  DeleteObjects: 0.050200 ms)

========================================================================
Received Prepare
Shader 'Universal Render Pipeline/Particles/Lit': fallback shader 'Universal Render Pipeline/Particles/SimpleLit' not found
Refreshing native plugins compatible for Editor in 2.10 ms, found 3 plugins.
Preloading 1 native plugins for Editor in 0.12 ms.
Unloading 3 Unused Serialized files (Serialized files now loaded: 0)
System memory in use before: 97.4 MB.
System memory in use after: 97.6 MB.

Unloading 3 unused Assets to reduce memory usage. Loaded Objects now: 3812.
Total: 5.616100 ms (FindLiveObjects: 0.960400 ms CreateObjectMapping: 0.613800 ms MarkObjects: 4.015900 ms  DeleteObjects: 0.022700 ms)

========================================================================
Received Import Request.
  Time since last request: 3278.906886 seconds.
  path: Assets/Alpha Version/MyScripts/Task Scripts/RotationTask.cs
  artifactKey: Guid(a507146b32f904e428e7ec50317529b2) Importer(815301076,1909f56bfc062723c751e8b465ee728b)
Start importing Assets/Alpha Version/MyScripts/Task Scripts/RotationTask.cs using Guid(a507146b32f904e428e7ec50317529b2) Importer(815301076,1909f56bfc062723c751e8b465ee728b)  -> (artifact id: '8330ced945c8ee78579b7ff41496cc6d') in 0.010478 seconds
  Import took 0.018687 seconds .

========================================================================
Received Import Request.
  Time since last request: 0.001888 seconds.
  path: Assets/Alpha Version/MyScripts/Task Scripts/RotationTask.cs
  artifactKey: Guid(a507146b32f904e428e7ec50317529b2) Importer(815301076,1909f56bfc062723c751e8b465ee728b)
Start importing Assets/Alpha Version/MyScripts/Task Scripts/RotationTask.cs using Guid(a507146b32f904e428e7ec50317529b2) Importer(815301076,1909f56bfc062723c751e8b465ee728b)  -> (artifact id: '8330ced945c8ee78579b7ff41496cc6d') in 0.012103 seconds
  Import took 0.020260 seconds .

========================================================================
Received Prepare
Registering precompiled user dll's ...
Registered in 0.002551 seconds.
Begin MonoManager ReloadAssembly
Native extension for WindowsStandalone target not found
Refreshing native plugins compatible for Editor in 0.74 ms, found 3 plugins.
Preloading 1 native plugins for Editor in 0.09 ms.
NullReferenceException: Object reference not set to an instance of an object
  at Unity.XR.Oculus.OculusLoader.AssetPathToAbsolutePath (System.String assetPath) [0x00048] in C:\Users\eecheve\Documents\UnityProjects\VRxn Repo\VRxn\Library\PackageCache\com.unity.xr.oculus@1.9.0\Runtime\OculusLoader.cs:249 
  at Unity.XR.Oculus.OculusLoader.EditorLoadOVRPlugin () [0x0007b] in C:\Users\eecheve\Documents\UnityProjects\VRxn Repo\VRxn\Library\PackageCache\com.unity.xr.oculus@1.9.0\Runtime\OculusLoader.cs:234 

(Filename: Library/PackageCache/com.unity.xr.oculus@1.9.0/Runtime/OculusLoader.cs Line: 249)

Mono: successfully reloaded assembly
- Completed reload, in  0.988 seconds
Platform modules already initialized, skipping
Switching build target platform(5) subTarget(0) extendedPlatform(0) -> platform(13) subTarget(524294) extendedPlatform(0)
Shader 'Universal Render Pipeline/Particles/Lit': fallback shader 'Universal Render Pipeline/Particles/SimpleLit' not found
Refreshing native plugins compatible for Editor in 0.69 ms, found 3 plugins.
Preloading 1 native plugins for Editor in 0.14 ms.
Unloading 3192 Unused Serialized files (Serialized files now loaded: 0)
System memory in use before: 157.3 MB.
System memory in use after: 157.5 MB.

Unloading 7 unused Assets to reduce memory usage. Loaded Objects now: 3816.
Total: 2.775200 ms (FindLiveObjects: 0.424800 ms CreateObjectMapping: 0.182800 ms MarkObjects: 2.152300 ms  DeleteObjects: 0.014500 ms)

AssetImportParameters requested are different than current active one (requested -> active):
  custom:graphics/normal-map-encoding: 01000000000000000000000000000000 -> 02000000000000000000000000000000
========================================================================
Received Prepare
Shader 'Universal Render Pipeline/Particles/Lit': fallback shader 'Universal Render Pipeline/Particles/SimpleLit' not found
Refreshing native plugins compatible for Editor in 1.96 ms, found 3 plugins.
Preloading 1 native plugins for Editor in 0.11 ms.
Unloading 3 Unused Serialized files (Serialized files now loaded: 0)
System memory in use before: 97.4 MB.
System memory in use after: 97.6 MB.

Unloading 3 unused Assets to reduce memory usage. Loaded Objects now: 3816.
Total: 3.533600 ms (FindLiveObjects: 0.393800 ms CreateObjectMapping: 0.239700 ms MarkObjects: 2.880800 ms  DeleteObjects: 0.017700 ms)

========================================================================
Received Prepare
Shader 'Universal Render Pipeline/Particles/Lit': fallback shader 'Universal Render Pipeline/Particles/SimpleLit' not found
Refreshing native plugins compatible for Editor in 1.62 ms, found 3 plugins.
Preloading 1 native plugins for Editor in 0.10 ms.
Unloading 3 Unused Serialized files (Serialized files now loaded: 0)
System memory in use before: 97.4 MB.
System memory in use after: 97.6 MB.

Unloading 3 unused Assets to reduce memory usage. Loaded Objects now: 3816.
Total: 3.725000 ms (FindLiveObjects: 0.404400 ms CreateObjectMapping: 0.208100 ms MarkObjects: 3.093900 ms  DeleteObjects: 0.017000 ms)

========================================================================
Received Import Request.
  Time since last request: 854.413041 seconds.
  path: Assets/Scripts/Tutorial/DragRadialSliderTutorial.cs
  artifactKey: Guid(1f44c635b7490ce409a4fbf24b46864f) Importer(815301076,1909f56bfc062723c751e8b465ee728b)
Start importing Assets/Scripts/Tutorial/DragRadialSliderTutorial.cs using Guid(1f44c635b7490ce409a4fbf24b46864f) Importer(815301076,1909f56bfc062723c751e8b465ee728b)  -> (artifact id: 'e9125ca434226941a2ee62caf1912f01') in 0.005603 seconds
  Import took 0.016411 seconds .

========================================================================
Received Import Request.
  Time since last request: 0.001228 seconds.
  path: Assets/Scripts/Tutorial/DragRadialSliderTutorial.cs
  artifactKey: Guid(1f44c635b7490ce409a4fbf24b46864f) Importer(815301076,1909f56bfc062723c751e8b465ee728b)
Start importing Assets/Scripts/Tutorial/DragRadialSliderTutorial.cs using Guid(1f44c635b7490ce409a4fbf24b46864f) Importer(815301076,1909f56bfc062723c751e8b465ee728b)  -> (artifact id: 'e9125ca434226941a2ee62caf1912f01') in 0.003211 seconds
  Import took 0.010419 seconds .

========================================================================
Received Import Request.
  Time since last request: 27.104312 seconds.
  path: Assets/Scripts/Tutorial/FloatChoiceCondition.cs
  artifactKey: Guid(914361f26fa597047ab1bf4ffb4a9baf) Importer(815301076,1909f56bfc062723c751e8b465ee728b)
Start importing Assets/Scripts/Tutorial/FloatChoiceCondition.cs using Guid(914361f26fa597047ab1bf4ffb4a9baf) Importer(815301076,1909f56bfc062723c751e8b465ee728b)  -> (artifact id: '9218c8c6284a595eca049c9db8f61b93') in 0.012326 seconds
  Import took 0.022577 seconds .

========================================================================
Received Import Request.
  Time since last request: 0.014925 seconds.
  path: Assets/Scripts/Tutorial/FloatChoiceCondition.cs
  artifactKey: Guid(914361f26fa597047ab1bf4ffb4a9baf) Importer(815301076,1909f56bfc062723c751e8b465ee728b)
Start importing Assets/Scripts/Tutorial/FloatChoiceCondition.cs using Guid(914361f26fa597047ab1bf4ffb4a9baf) Importer(815301076,1909f56bfc062723c751e8b465ee728b)  -> (artifact id: '9218c8c6284a595eca049c9db8f61b93') in 0.015814 seconds
  Import took 0.036716 seconds .

========================================================================
Received Prepare
Registering precompiled user dll's ...
Registered in 0.002345 seconds.
Begin MonoManager ReloadAssembly
Native extension for WindowsStandalone target not found
Refreshing native plugins compatible for Editor in 0.99 ms, found 3 plugins.
Preloading 1 native plugins for Editor in 0.11 ms.
NullReferenceException: Object reference not set to an instance of an object
  at Unity.XR.Oculus.OculusLoader.AssetPathToAbsolutePath (System.String assetPath) [0x00048] in C:\Users\eecheve\Documents\UnityProjects\VRxn Repo\VRxn\Library\PackageCache\com.unity.xr.oculus@1.9.0\Runtime\OculusLoader.cs:249 
  at Unity.XR.Oculus.OculusLoader.EditorLoadOVRPlugin () [0x0007b] in C:\Users\eecheve\Documents\UnityProjects\VRxn Repo\VRxn\Library\PackageCache\com.unity.xr.oculus@1.9.0\Runtime\OculusLoader.cs:234 

(Filename: Library/PackageCache/com.unity.xr.oculus@1.9.0/Runtime/OculusLoader.cs Line: 249)

Mono: successfully reloaded assembly
- Completed reload, in  1.014 seconds
Platform modules already initialized, skipping
Switching build target platform(5) subTarget(0) extendedPlatform(0) -> platform(13) subTarget(524294) extendedPlatform(0)
Shader 'Universal Render Pipeline/Particles/Lit': fallback shader 'Universal Render Pipeline/Particles/SimpleLit' not found
Refreshing native plugins compatible for Editor in 0.83 ms, found 3 plugins.
Preloading 1 native plugins for Editor in 0.10 ms.
Unloading 3193 Unused Serialized files (Serialized files now loaded: 0)
System memory in use before: 157.3 MB.
System memory in use after: 157.6 MB.

Unloading 7 unused Assets to reduce memory usage. Loaded Objects now: 3821.
Total: 2.807100 ms (FindLiveObjects: 0.388300 ms CreateObjectMapping: 0.196000 ms MarkObjects: 2.206600 ms  DeleteObjects: 0.015200 ms)

AssetImportParameters requested are different than current active one (requested -> active):
  custom:graphics/normal-map-encoding: 01000000000000000000000000000000 -> 02000000000000000000000000000000
========================================================================
Received Prepare
Registering precompiled user dll's ...
Registered in 0.002628 seconds.
Begin MonoManager ReloadAssembly
Native extension for WindowsStandalone target not found
Refreshing native plugins compatible for Editor in 0.90 ms, found 3 plugins.
Preloading 1 native plugins for Editor in 0.11 ms.
NullReferenceException: Object reference not set to an instance of an object
  at Unity.XR.Oculus.OculusLoader.AssetPathToAbsolutePath (System.String assetPath) [0x00048] in C:\Users\eecheve\Documents\UnityProjects\VRxn Repo\VRxn\Library\PackageCache\com.unity.xr.oculus@1.9.0\Runtime\OculusLoader.cs:249 
  at Unity.XR.Oculus.OculusLoader.EditorLoadOVRPlugin () [0x0007b] in C:\Users\eecheve\Documents\UnityProjects\VRxn Repo\VRxn\Library\PackageCache\com.unity.xr.oculus@1.9.0\Runtime\OculusLoader.cs:234 

(Filename: Library/PackageCache/com.unity.xr.oculus@1.9.0/Runtime/OculusLoader.cs Line: 249)

Mono: successfully reloaded assembly
- Completed reload, in  1.009 seconds
Platform modules already initialized, skipping
Switching build target platform(5) subTarget(0) extendedPlatform(0) -> platform(13) subTarget(524294) extendedPlatform(0)
Shader 'Universal Render Pipeline/Particles/Lit': fallback shader 'Universal Render Pipeline/Particles/SimpleLit' not found
Refreshing native plugins compatible for Editor in 0.65 ms, found 3 plugins.
Preloading 1 native plugins for Editor in 0.09 ms.
Unloading 3193 Unused Serialized files (Serialized files now loaded: 0)
System memory in use before: 157.3 MB.
System memory in use after: 157.6 MB.

Unloading 7 unused Assets to reduce memory usage. Loaded Objects now: 3825.
Total: 2.689500 ms (FindLiveObjects: 0.378400 ms CreateObjectMapping: 0.111500 ms MarkObjects: 2.181600 ms  DeleteObjects: 0.015700 ms)

AssetImportParameters requested are different than current active one (requested -> active):
  custom:graphics/normal-map-encoding: 01000000000000000000000000000000 -> 02000000000000000000000000000000
========================================================================
Received Import Request.
  Time since last request: 1379.485533 seconds.
  path: Assets/Scripts/Tutorial/FloatChoiceCondition.cs
  artifactKey: Guid(914361f26fa597047ab1bf4ffb4a9baf) Importer(815301076,1909f56bfc062723c751e8b465ee728b)
Start importing Assets/Scripts/Tutorial/FloatChoiceCondition.cs using Guid(914361f26fa597047ab1bf4ffb4a9baf) Importer(815301076,1909f56bfc062723c751e8b465ee728b)  -> (artifact id: '4870ff8edcbb0a8f18f3a73e1db074cb') in 0.005876 seconds
  Import took 0.012083 seconds .

========================================================================
Received Prepare
Shader 'Universal Render Pipeline/Particles/Lit': fallback shader 'Universal Render Pipeline/Particles/SimpleLit' not found
Refreshing native plugins compatible for Editor in 2.40 ms, found 3 plugins.
Preloading 1 native plugins for Editor in 0.11 ms.
Unloading 3 Unused Serialized files (Serialized files now loaded: 0)
System memory in use before: 97.4 MB.
System memory in use after: 97.7 MB.

Unloading 3 unused Assets to reduce memory usage. Loaded Objects now: 3825.
Total: 5.019700 ms (FindLiveObjects: 0.773800 ms CreateObjectMapping: 0.365400 ms MarkObjects: 3.850300 ms  DeleteObjects: 0.027900 ms)

========================================================================
Received Prepare
Shader 'Universal Render Pipeline/Particles/Lit': fallback shader 'Universal Render Pipeline/Particles/SimpleLit' not found
Refreshing native plugins compatible for Editor in 1.82 ms, found 3 plugins.
Preloading 1 native plugins for Editor in 0.11 ms.
Unloading 3 Unused Serialized files (Serialized files now loaded: 0)
System memory in use before: 97.4 MB.
System memory in use after: 97.7 MB.

Unloading 3 unused Assets to reduce memory usage. Loaded Objects now: 3825.
Total: 4.572600 ms (FindLiveObjects: 0.609500 ms CreateObjectMapping: 0.261800 ms MarkObjects: 3.679800 ms  DeleteObjects: 0.019400 ms)

========================================================================
Received Prepare
Registering precompiled user dll's ...
Registered in 0.222585 seconds.
Begin MonoManager ReloadAssembly
Native extension for WindowsStandalone target not found
Refreshing native plugins compatible for Editor in 0.78 ms, found 3 plugins.
Preloading 1 native plugins for Editor in 0.10 ms.
NullReferenceException: Object reference not set to an instance of an object
  at Unity.XR.Oculus.OculusLoader.AssetPathToAbsolutePath (System.String assetPath) [0x00048] in C:\Users\eecheve\Documents\UnityProjects\VRxn Repo\VRxn\Library\PackageCache\com.unity.xr.oculus@1.9.0\Runtime\OculusLoader.cs:249 
  at Unity.XR.Oculus.OculusLoader.EditorLoadOVRPlugin () [0x0007b] in C:\Users\eecheve\Documents\UnityProjects\VRxn Repo\VRxn\Library\PackageCache\com.unity.xr.oculus@1.9.0\Runtime\OculusLoader.cs:234 

(Filename: Library/PackageCache/com.unity.xr.oculus@1.9.0/Runtime/OculusLoader.cs Line: 249)

Mono: successfully reloaded assembly
- Completed reload, in  1.241 seconds
Platform modules already initialized, skipping
Switching build target platform(5) subTarget(0) extendedPlatform(0) -> platform(13) subTarget(524294) extendedPlatform(0)
Shader 'Universal Render Pipeline/Particles/Lit': fallback shader 'Universal Render Pipeline/Particles/SimpleLit' not found
Refreshing native plugins compatible for Editor in 1.06 ms, found 3 plugins.
Preloading 1 native plugins for Editor in 0.35 ms.
Unloading 3193 Unused Serialized files (Serialized files now loaded: 0)
System memory in use before: 157.3 MB.
System memory in use after: 157.6 MB.

Unloading 7 unused Assets to reduce memory usage. Loaded Objects now: 3829.
Total: 2.824500 ms (FindLiveObjects: 0.379800 ms CreateObjectMapping: 0.166900 ms MarkObjects: 2.259200 ms  DeleteObjects: 0.017200 ms)

AssetImportParameters requested are different than current active one (requested -> active):
  custom:graphics/normal-map-encoding: 01000000000000000000000000000000 -> 02000000000000000000000000000000
========================================================================
Received Prepare
Shader 'Universal Render Pipeline/Particles/Lit': fallback shader 'Universal Render Pipeline/Particles/SimpleLit' not found
Refreshing native plugins compatible for Editor in 2.00 ms, found 3 plugins.
Preloading 1 native plugins for Editor in 0.13 ms.
Unloading 3 Unused Serialized files (Serialized files now loaded: 0)
System memory in use before: 97.4 MB.
System memory in use after: 97.7 MB.

Unloading 3 unused Assets to reduce memory usage. Loaded Objects now: 3829.
Total: 4.840900 ms (FindLiveObjects: 0.607200 ms CreateObjectMapping: 0.273200 ms MarkObjects: 3.937500 ms  DeleteObjects: 0.021400 ms)

========================================================================
Received Prepare
Shader 'Universal Render Pipeline/Particles/Lit': fallback shader 'Universal Render Pipeline/Particles/SimpleLit' not found
Refreshing native plugins compatible for Editor in 1.84 ms, found 3 plugins.
Preloading 1 native plugins for Editor in 0.11 ms.
Unloading 3 Unused Serialized files (Serialized files now loaded: 0)
System memory in use before: 97.4 MB.
System memory in use after: 97.7 MB.

Unloading 3 unused Assets to reduce memory usage. Loaded Objects now: 3829.
Total: 4.395500 ms (FindLiveObjects: 0.415800 ms CreateObjectMapping: 0.225000 ms MarkObjects: 3.731900 ms  DeleteObjects: 0.021000 ms)

========================================================================
Received Import Request.
  Time since last request: 2714.975790 seconds.
  path: Assets/Scripts/Transform/ResetTransforms.cs
  artifactKey: Guid(ca92bd12addbe054089f619462002097) Importer(815301076,1909f56bfc062723c751e8b465ee728b)
Start importing Assets/Scripts/Transform/ResetTransforms.cs using Guid(ca92bd12addbe054089f619462002097) Importer(815301076,1909f56bfc062723c751e8b465ee728b)  -> (artifact id: 'ddc92326928749610f9ac6990ab75247') in 0.017328 seconds
  Import took 0.028799 seconds .

========================================================================
Received Import Request.
  Time since last request: 0.016324 seconds.
  path: Assets/Scripts/Transform/ResetTransforms.cs
  artifactKey: Guid(ca92bd12addbe054089f619462002097) Importer(815301076,1909f56bfc062723c751e8b465ee728b)
Start importing Assets/Scripts/Transform/ResetTransforms.cs using Guid(ca92bd12addbe054089f619462002097) Importer(815301076,1909f56bfc062723c751e8b465ee728b)  -> (artifact id: 'ddc92326928749610f9ac6990ab75247') in 0.019759 seconds
  Import took 0.035206 seconds .

========================================================================
Received Prepare
Registering precompiled user dll's ...
Registered in 0.004689 seconds.
Begin MonoManager ReloadAssembly
Native extension for WindowsStandalone target not found
Refreshing native plugins compatible for Editor in 1.06 ms, found 3 plugins.
Preloading 1 native plugins for Editor in 0.30 ms.
NullReferenceException: Object reference not set to an instance of an object
  at Unity.XR.Oculus.OculusLoader.AssetPathToAbsolutePath (System.String assetPath) [0x00048] in C:\Users\eecheve\Documents\UnityProjects\VRxn Repo\VRxn\Library\PackageCache\com.unity.xr.oculus@1.9.0\Runtime\OculusLoader.cs:249 
  at Unity.XR.Oculus.OculusLoader.EditorLoadOVRPlugin () [0x0007b] in C:\Users\eecheve\Documents\UnityProjects\VRxn Repo\VRxn\Library\PackageCache\com.unity.xr.oculus@1.9.0\Runtime\OculusLoader.cs:234 

(Filename: Library/PackageCache/com.unity.xr.oculus@1.9.0/Runtime/OculusLoader.cs Line: 249)

Mono: successfully reloaded assembly
- Completed reload, in  1.280 seconds
Platform modules already initialized, skipping
Switching build target platform(5) subTarget(0) extendedPlatform(0) -> platform(13) subTarget(524294) extendedPlatform(0)
Shader 'Universal Render Pipeline/Particles/Lit': fallback shader 'Universal Render Pipeline/Particles/SimpleLit' not found
Refreshing native plugins compatible for Editor in 0.93 ms, found 3 plugins.
Preloading 1 native plugins for Editor in 0.25 ms.
Unloading 3194 Unused Serialized files (Serialized files now loaded: 0)
System memory in use before: 157.4 MB.
System memory in use after: 157.6 MB.

Unloading 7 unused Assets to reduce memory usage. Loaded Objects now: 3834.
Total: 4.168300 ms (FindLiveObjects: 0.418900 ms CreateObjectMapping: 0.194400 ms MarkObjects: 3.528000 ms  DeleteObjects: 0.025000 ms)

AssetImportParameters requested are different than current active one (requested -> active):
  custom:graphics/normal-map-encoding: 01000000000000000000000000000000 -> 02000000000000000000000000000000
========================================================================
Received Prepare
Registering precompiled user dll's ...
Registered in 0.002395 seconds.
Begin MonoManager ReloadAssembly
Native extension for WindowsStandalone target not found
Refreshing native plugins compatible for Editor in 0.65 ms, found 3 plugins.
Preloading 1 native plugins for Editor in 0.08 ms.
NullReferenceException: Object reference not set to an instance of an object
  at Unity.XR.Oculus.OculusLoader.AssetPathToAbsolutePath (System.String assetPath) [0x00048] in C:\Users\eecheve\Documents\UnityProjects\VRxn Repo\VRxn\Library\PackageCache\com.unity.xr.oculus@1.9.0\Runtime\OculusLoader.cs:249 
  at Unity.XR.Oculus.OculusLoader.EditorLoadOVRPlugin () [0x0007b] in C:\Users\eecheve\Documents\UnityProjects\VRxn Repo\VRxn\Library\PackageCache\com.unity.xr.oculus@1.9.0\Runtime\OculusLoader.cs:234 

(Filename: Library/PackageCache/com.unity.xr.oculus@1.9.0/Runtime/OculusLoader.cs Line: 249)

Mono: successfully reloaded assembly
- Completed reload, in  0.998 seconds
Platform modules already initialized, skipping
Switching build target platform(5) subTarget(0) extendedPlatform(0) -> platform(13) subTarget(524294) extendedPlatform(0)
Shader 'Universal Render Pipeline/Particles/Lit': fallback shader 'Universal Render Pipeline/Particles/SimpleLit' not found
Refreshing native plugins compatible for Editor in 0.67 ms, found 3 plugins.
Preloading 1 native plugins for Editor in 0.08 ms.
Unloading 3194 Unused Serialized files (Serialized files now loaded: 0)
System memory in use before: 157.4 MB.
System memory in use after: 157.6 MB.

Unloading 7 unused Assets to reduce memory usage. Loaded Objects now: 3838.
Total: 2.615100 ms (FindLiveObjects: 0.313500 ms CreateObjectMapping: 0.135700 ms MarkObjects: 2.150300 ms  DeleteObjects: 0.014900 ms)

AssetImportParameters requested are different than current active one (requested -> active):
  custom:graphics/normal-map-encoding: 01000000000000000000000000000000 -> 02000000000000000000000000000000
========================================================================
Received Import Request.
  Time since last request: 145.953317 seconds.
  path: Assets/Scripts/Transform/ResetTransforms.cs
  artifactKey: Guid(ca92bd12addbe054089f619462002097) Importer(815301076,1909f56bfc062723c751e8b465ee728b)
Start importing Assets/Scripts/Transform/ResetTransforms.cs using Guid(ca92bd12addbe054089f619462002097) Importer(815301076,1909f56bfc062723c751e8b465ee728b)  -> (artifact id: '3e32d986702f3ab70aa6bd72a5ababc0') in 0.005529 seconds
  Import took 0.011712 seconds .

========================================================================
Received Prepare
Registering precompiled user dll's ...
Registered in 0.002378 seconds.
Begin MonoManager ReloadAssembly
Native extension for WindowsStandalone target not found
Refreshing native plugins compatible for Editor in 0.77 ms, found 3 plugins.
Preloading 1 native plugins for Editor in 0.08 ms.
NullReferenceException: Object reference not set to an instance of an object
  at Unity.XR.Oculus.OculusLoader.AssetPathToAbsolutePath (System.String assetPath) [0x00048] in C:\Users\eecheve\Documents\UnityProjects\VRxn Repo\VRxn\Library\PackageCache\com.unity.xr.oculus@1.9.0\Runtime\OculusLoader.cs:249 
  at Unity.XR.Oculus.OculusLoader.EditorLoadOVRPlugin () [0x0007b] in C:\Users\eecheve\Documents\UnityProjects\VRxn Repo\VRxn\Library\PackageCache\com.unity.xr.oculus@1.9.0\Runtime\OculusLoader.cs:234 

(Filename: Library/PackageCache/com.unity.xr.oculus@1.9.0/Runtime/OculusLoader.cs Line: 249)

Mono: successfully reloaded assembly
- Completed reload, in  0.979 seconds
Platform modules already initialized, skipping
Switching build target platform(5) subTarget(0) extendedPlatform(0) -> platform(13) subTarget(524294) extendedPlatform(0)
Shader 'Universal Render Pipeline/Particles/Lit': fallback shader 'Universal Render Pipeline/Particles/SimpleLit' not found
Refreshing native plugins compatible for Editor in 0.68 ms, found 3 plugins.
Preloading 1 native plugins for Editor in 0.09 ms.
Unloading 3194 Unused Serialized files (Serialized files now loaded: 0)
System memory in use before: 157.4 MB.
System memory in use after: 157.6 MB.

Unloading 7 unused Assets to reduce memory usage. Loaded Objects now: 3842.
Total: 2.486200 ms (FindLiveObjects: 0.325800 ms CreateObjectMapping: 0.102000 ms MarkObjects: 2.044300 ms  DeleteObjects: 0.012900 ms)

AssetImportParameters requested are different than current active one (requested -> active):
  custom:graphics/normal-map-encoding: 01000000000000000000000000000000 -> 02000000000000000000000000000000
========================================================================
Received Prepare
Shader 'Universal Render Pipeline/Particles/Lit': fallback shader 'Universal Render Pipeline/Particles/SimpleLit' not found
Refreshing native plugins compatible for Editor in 3.24 ms, found 3 plugins.
Preloading 1 native plugins for Editor in 0.16 ms.
Unloading 3 Unused Serialized files (Serialized files now loaded: 0)
System memory in use before: 97.5 MB.
System memory in use after: 97.7 MB.

Unloading 3 unused Assets to reduce memory usage. Loaded Objects now: 3842.
Total: 8.065700 ms (FindLiveObjects: 0.804800 ms CreateObjectMapping: 0.531600 ms MarkObjects: 6.676300 ms  DeleteObjects: 0.049600 ms)

========================================================================
Received Prepare
Registering precompiled user dll's ...
Registered in 0.002368 seconds.
Begin MonoManager ReloadAssembly
Native extension for WindowsStandalone target not found
Refreshing native plugins compatible for Editor in 0.70 ms, found 3 plugins.
Preloading 1 native plugins for Editor in 0.08 ms.
NullReferenceException: Object reference not set to an instance of an object
  at Unity.XR.Oculus.OculusLoader.AssetPathToAbsolutePath (System.String assetPath) [0x00048] in C:\Users\eecheve\Documents\UnityProjects\VRxn Repo\VRxn\Library\PackageCache\com.unity.xr.oculus@1.9.0\Runtime\OculusLoader.cs:249 
  at Unity.XR.Oculus.OculusLoader.EditorLoadOVRPlugin () [0x0007b] in C:\Users\eecheve\Documents\UnityProjects\VRxn Repo\VRxn\Library\PackageCache\com.unity.xr.oculus@1.9.0\Runtime\OculusLoader.cs:234 

(Filename: Library/PackageCache/com.unity.xr.oculus@1.9.0/Runtime/OculusLoader.cs Line: 249)

Mono: successfully reloaded assembly
- Completed reload, in  1.005 seconds
Platform modules already initialized, skipping
Switching build target platform(5) subTarget(0) extendedPlatform(0) -> platform(13) subTarget(524294) extendedPlatform(0)
Shader 'Universal Render Pipeline/Particles/Lit': fallback shader 'Universal Render Pipeline/Particles/SimpleLit' not found
Refreshing native plugins compatible for Editor in 0.71 ms, found 3 plugins.
Preloading 1 native plugins for Editor in 0.10 ms.
Unloading 3194 Unused Serialized files (Serialized files now loaded: 0)
System memory in use before: 157.4 MB.
System memory in use after: 157.7 MB.

Unloading 7 unused Assets to reduce memory usage. Loaded Objects now: 3846.
Total: 2.529700 ms (FindLiveObjects: 0.429300 ms CreateObjectMapping: 0.194200 ms MarkObjects: 1.890200 ms  DeleteObjects: 0.014800 ms)

AssetImportParameters requested are different than current active one (requested -> active):
  custom:graphics/normal-map-encoding: 01000000000000000000000000000000 -> 02000000000000000000000000000000
========================================================================
Received Prepare
Shader 'Universal Render Pipeline/Particles/Lit': fallback shader 'Universal Render Pipeline/Particles/SimpleLit' not found
Refreshing native plugins compatible for Editor in 1.76 ms, found 3 plugins.
Preloading 1 native plugins for Editor in 0.09 ms.
Unloading 3 Unused Serialized files (Serialized files now loaded: 0)
System memory in use before: 97.5 MB.
System memory in use after: 97.7 MB.

Unloading 3 unused Assets to reduce memory usage. Loaded Objects now: 3846.
Total: 7.439100 ms (FindLiveObjects: 0.622100 ms CreateObjectMapping: 0.388500 ms MarkObjects: 6.321900 ms  DeleteObjects: 0.103700 ms)

========================================================================
Received Prepare
Registering precompiled user dll's ...
Registered in 0.002312 seconds.
Begin MonoManager ReloadAssembly
Native extension for WindowsStandalone target not found
Refreshing native plugins compatible for Editor in 0.67 ms, found 3 plugins.
Preloading 1 native plugins for Editor in 0.09 ms.
NullReferenceException: Object reference not set to an instance of an object
  at Unity.XR.Oculus.OculusLoader.AssetPathToAbsolutePath (System.String assetPath) [0x00048] in C:\Users\eecheve\Documents\UnityProjects\VRxn Repo\VRxn\Library\PackageCache\com.unity.xr.oculus@1.9.0\Runtime\OculusLoader.cs:249 
  at Unity.XR.Oculus.OculusLoader.EditorLoadOVRPlugin () [0x0007b] in C:\Users\eecheve\Documents\UnityProjects\VRxn Repo\VRxn\Library\PackageCache\com.unity.xr.oculus@1.9.0\Runtime\OculusLoader.cs:234 

(Filename: Library/PackageCache/com.unity.xr.oculus@1.9.0/Runtime/OculusLoader.cs Line: 249)

Mono: successfully reloaded assembly
- Completed reload, in  0.990 seconds
Platform modules already initialized, skipping
Switching build target platform(5) subTarget(0) extendedPlatform(0) -> platform(13) subTarget(524294) extendedPlatform(0)
Shader 'Universal Render Pipeline/Particles/Lit': fallback shader 'Universal Render Pipeline/Particles/SimpleLit' not found
Refreshing native plugins compatible for Editor in 0.71 ms, found 3 plugins.
Preloading 1 native plugins for Editor in 0.08 ms.
Unloading 3194 Unused Serialized files (Serialized files now loaded: 0)
System memory in use before: 157.4 MB.
System memory in use after: 157.7 MB.

Unloading 7 unused Assets to reduce memory usage. Loaded Objects now: 3850.
Total: 2.451900 ms (FindLiveObjects: 0.334200 ms CreateObjectMapping: 0.160900 ms MarkObjects: 1.942400 ms  DeleteObjects: 0.013700 ms)

AssetImportParameters requested are different than current active one (requested -> active):
  custom:graphics/normal-map-encoding: 01000000000000000000000000000000 -> 02000000000000000000000000000000
========================================================================
Received Prepare
Registering precompiled user dll's ...
Registered in 0.002309 seconds.
Begin MonoManager ReloadAssembly
Native extension for WindowsStandalone target not found
Refreshing native plugins compatible for Editor in 0.66 ms, found 3 plugins.
Preloading 1 native plugins for Editor in 0.09 ms.
NullReferenceException: Object reference not set to an instance of an object
  at Unity.XR.Oculus.OculusLoader.AssetPathToAbsolutePath (System.String assetPath) [0x00048] in C:\Users\eecheve\Documents\UnityProjects\VRxn Repo\VRxn\Library\PackageCache\com.unity.xr.oculus@1.9.0\Runtime\OculusLoader.cs:249 
  at Unity.XR.Oculus.OculusLoader.EditorLoadOVRPlugin () [0x0007b] in C:\Users\eecheve\Documents\UnityProjects\VRxn Repo\VRxn\Library\PackageCache\com.unity.xr.oculus@1.9.0\Runtime\OculusLoader.cs:234 

(Filename: Library/PackageCache/com.unity.xr.oculus@1.9.0/Runtime/OculusLoader.cs Line: 249)

Mono: successfully reloaded assembly
- Completed reload, in  1.031 seconds
Platform modules already initialized, skipping
Switching build target platform(5) subTarget(0) extendedPlatform(0) -> platform(13) subTarget(524294) extendedPlatform(0)
Shader 'Universal Render Pipeline/Particles/Lit': fallback shader 'Universal Render Pipeline/Particles/SimpleLit' not found
Refreshing native plugins compatible for Editor in 0.69 ms, found 3 plugins.
Preloading 1 native plugins for Editor in 0.09 ms.
Unloading 3194 Unused Serialized files (Serialized files now loaded: 0)
System memory in use before: 157.4 MB.
System memory in use after: 157.7 MB.

Unloading 7 unused Assets to reduce memory usage. Loaded Objects now: 3854.
Total: 2.798300 ms (FindLiveObjects: 0.359900 ms CreateObjectMapping: 0.109700 ms MarkObjects: 2.304700 ms  DeleteObjects: 0.022500 ms)

AssetImportParameters requested are different than current active one (requested -> active):
  custom:graphics/normal-map-encoding: 01000000000000000000000000000000 -> 02000000000000000000000000000000
========================================================================
Received Prepare
Shader 'Universal Render Pipeline/Particles/Lit': fallback shader 'Universal Render Pipeline/Particles/SimpleLit' not found
Refreshing native plugins compatible for Editor in 1.88 ms, found 3 plugins.
Preloading 1 native plugins for Editor in 0.10 ms.
Unloading 3 Unused Serialized files (Serialized files now loaded: 0)
System memory in use before: 97.5 MB.
System memory in use after: 97.7 MB.

Unloading 3 unused Assets to reduce memory usage. Loaded Objects now: 3854.
Total: 6.413300 ms (FindLiveObjects: 0.653700 ms CreateObjectMapping: 0.411400 ms MarkObjects: 5.298600 ms  DeleteObjects: 0.044900 ms)

========================================================================
Received Prepare
Shader 'Universal Render Pipeline/Particles/Lit': fallback shader 'Universal Render Pipeline/Particles/SimpleLit' not found
Refreshing native plugins compatible for Editor in 1.72 ms, found 3 plugins.
Preloading 1 native plugins for Editor in 0.09 ms.
Unloading 3 Unused Serialized files (Serialized files now loaded: 0)
System memory in use before: 97.5 MB.
System memory in use after: 97.7 MB.

Unloading 3 unused Assets to reduce memory usage. Loaded Objects now: 3854.
Total: 3.383400 ms (FindLiveObjects: 0.391200 ms CreateObjectMapping: 0.201800 ms MarkObjects: 2.773800 ms  DeleteObjects: 0.015600 ms)

========================================================================
Received Import Request.
  Time since last request: 1460.023931 seconds.
  path: Assets/Alpha Version/MyImports/CA Models/CA000/2D/00-rotationTask-190y.png
  artifactKey: Guid(5dd9db261d3ea9c4ebe80870a4f9709d) Importer(815301076,1909f56bfc062723c751e8b465ee728b)
Start importing Assets/Alpha Version/MyImports/CA Models/CA000/2D/00-rotationTask-190y.png using Guid(5dd9db261d3ea9c4ebe80870a4f9709d) Importer(815301076,1909f56bfc062723c751e8b465ee728b)  -> (artifact id: '6ed4f61cb766060772ac492484a51eb7') in 0.127345 seconds
  Import took 0.136215 seconds .

========================================================================
Received Import Request.
  Time since last request: 5.131864 seconds.
  path: Assets/Alpha Version/MyImports/CA Models/CA000/2D/00-rotationTask-90y.png
  artifactKey: Guid(5dd9db261d3ea9c4ebe80870a4f9709d) Importer(815301076,1909f56bfc062723c751e8b465ee728b)
Start importing Assets/Alpha Version/MyImports/CA Models/CA000/2D/00-rotationTask-90y.png using Guid(5dd9db261d3ea9c4ebe80870a4f9709d) Importer(815301076,1909f56bfc062723c751e8b465ee728b)  -> (artifact id: '4e13ebf17dff398bcb87aebfd21667f7') in 0.026930 seconds
  Import took 0.037298 seconds .

========================================================================
Received Import Request.
  Time since last request: 787.689465 seconds.
  path: Assets/Alpha Version/MyImports/CA Models/CA000/2D/00-stage1.png
  artifactKey: Guid(d0e176c0f8998f942af0012cdd5fa048) Importer(815301076,1909f56bfc062723c751e8b465ee728b)
Start importing Assets/Alpha Version/MyImports/CA Models/CA000/2D/00-stage1.png using Guid(d0e176c0f8998f942af0012cdd5fa048) Importer(815301076,1909f56bfc062723c751e8b465ee728b)  -> (artifact id: '4783b4f0d33ad175bc6a5282d711e84c') in 0.031696 seconds
  Import took 0.043003 seconds .

========================================================================
Received Import Request.
  Time since last request: 3.779099 seconds.
  path: Assets/Alpha Version/MyImports/CA Models/CA000/2D/00-rotationTask-90y.png
  artifactKey: Guid(5dd9db261d3ea9c4ebe80870a4f9709d) Importer(815301076,1909f56bfc062723c751e8b465ee728b)
Start importing Assets/Alpha Version/MyImports/CA Models/CA000/2D/00-rotationTask-90y.png using Guid(5dd9db261d3ea9c4ebe80870a4f9709d) Importer(815301076,1909f56bfc062723c751e8b465ee728b)  -> (artifact id: '11e93cb5c1cc68611f3a5ab94b78ecb1') in 0.023185 seconds
  Import took 0.030863 seconds .

========================================================================
Received Import Request.
  Time since last request: 4.511962 seconds.
  path: Assets/Alpha Version/MyImports/CA Models/CA000/2D/00-rotationTask-160z.png
  artifactKey: Guid(31eeb19dc8efecc4a9aa51a22df200ee) Importer(815301076,1909f56bfc062723c751e8b465ee728b)
Start importing Assets/Alpha Version/MyImports/CA Models/CA000/2D/00-rotationTask-160z.png using Guid(31eeb19dc8efecc4a9aa51a22df200ee) Importer(815301076,1909f56bfc062723c751e8b465ee728b)  -> (artifact id: 'a8b39e4e9bbc14b50a3e16393299fc95') in 0.042443 seconds
  Import took 0.049062 seconds .

========================================================================
Received Import Request.
  Time since last request: 6.773205 seconds.
  path: Assets/Alpha Version/MyImports/CA Models/CA000/2D/00-rotationTask-160z.png
  artifactKey: Guid(31eeb19dc8efecc4a9aa51a22df200ee) Importer(815301076,1909f56bfc062723c751e8b465ee728b)
Start importing Assets/Alpha Version/MyImports/CA Models/CA000/2D/00-rotationTask-160z.png using Guid(31eeb19dc8efecc4a9aa51a22df200ee) Importer(815301076,1909f56bfc062723c751e8b465ee728b)  -> (artifact id: '42b0604fb722a7a9a5e6a3e3db006a0f') in 0.042393 seconds
  Import took 0.053815 seconds .

========================================================================
Received Import Request.
  Time since last request: 118.562524 seconds.
  path: Assets/Alpha Version/MyImports/CA Models/CA000/2D/00-rotationTask-140z.png
  artifactKey: Guid(243d3a464e904ee4ca3b52566ff1a20e) Importer(815301076,1909f56bfc062723c751e8b465ee728b)
Start importing Assets/Alpha Version/MyImports/CA Models/CA000/2D/00-rotationTask-140z.png using Guid(243d3a464e904ee4ca3b52566ff1a20e) Importer(815301076,1909f56bfc062723c751e8b465ee728b)  -> (artifact id: 'b977b0a7397b388a392f4b2c5f6a29a8') in 0.025532 seconds
  Import took 0.034972 seconds .

========================================================================
Received Import Request.
  Time since last request: 4.535816 seconds.
  path: Assets/Alpha Version/MyImports/CA Models/CA000/2D/00-rotationTask-160z.png
  artifactKey: Guid(31eeb19dc8efecc4a9aa51a22df200ee) Importer(815301076,1909f56bfc062723c751e8b465ee728b)
Start importing Assets/Alpha Version/MyImports/CA Models/CA000/2D/00-rotationTask-160z.png using Guid(31eeb19dc8efecc4a9aa51a22df200ee) Importer(815301076,1909f56bfc062723c751e8b465ee728b)  -> (artifact id: '3bdc626b30d063f325b3303f3eae8aa8') in 0.018362 seconds
  Import took 0.026278 seconds .

========================================================================
Received Prepare
Registering precompiled user dll's ...
Registered in 0.002450 seconds.
Begin MonoManager ReloadAssembly
Native extension for WindowsStandalone target not found
Refreshing native plugins compatible for Editor in 0.68 ms, found 3 plugins.
Preloading 1 native plugins for Editor in 0.08 ms.
NullReferenceException: Object reference not set to an instance of an object
  at Unity.XR.Oculus.OculusLoader.AssetPathToAbsolutePath (System.String assetPath) [0x00048] in C:\Users\eecheve\Documents\UnityProjects\VRxn Repo\VRxn\Library\PackageCache\com.unity.xr.oculus@1.9.0\Runtime\OculusLoader.cs:249 
  at Unity.XR.Oculus.OculusLoader.EditorLoadOVRPlugin () [0x0007b] in C:\Users\eecheve\Documents\UnityProjects\VRxn Repo\VRxn\Library\PackageCache\com.unity.xr.oculus@1.9.0\Runtime\OculusLoader.cs:234 

(Filename: Library/PackageCache/com.unity.xr.oculus@1.9.0/Runtime/OculusLoader.cs Line: 249)

Mono: successfully reloaded assembly
- Completed reload, in  1.131 seconds
Platform modules already initialized, skipping
Switching build target platform(5) subTarget(0) extendedPlatform(0) -> platform(13) subTarget(524294) extendedPlatform(0)
Shader 'Universal Render Pipeline/Particles/Lit': fallback shader 'Universal Render Pipeline/Particles/SimpleLit' not found
Refreshing native plugins compatible for Editor in 0.72 ms, found 3 plugins.
Preloading 1 native plugins for Editor in 0.09 ms.
Unloading 3194 Unused Serialized files (Serialized files now loaded: 0)
System memory in use before: 171.3 MB.
System memory in use after: 171.5 MB.

Unloading 7 unused Assets to reduce memory usage. Loaded Objects now: 3872.
Total: 3.040400 ms (FindLiveObjects: 0.346600 ms CreateObjectMapping: 0.170700 ms MarkObjects: 2.505700 ms  DeleteObjects: 0.016200 ms)

AssetImportParameters requested are different than current active one (requested -> active):
  custom:graphics/normal-map-encoding: 01000000000000000000000000000000 -> 02000000000000000000000000000000
========================================================================
Received Import Request.
  Time since last request: 6211.370273 seconds.
  path: Assets/Alpha Version/MyImports/CA Models/CA000/2D/00-rotationTask-145x.png
  artifactKey: Guid(4d903dfaf3dc46f43a5fdef404b1dafc) Importer(815301076,1909f56bfc062723c751e8b465ee728b)
Start importing Assets/Alpha Version/MyImports/CA Models/CA000/2D/00-rotationTask-145x.png using Guid(4d903dfaf3dc46f43a5fdef404b1dafc) Importer(815301076,1909f56bfc062723c751e8b465ee728b)  -> (artifact id: '795f01e456d063136bc90e8e1d1fa4a3') in 0.045677 seconds
  Import took 0.054676 seconds .

========================================================================
Received Import Request.
  Time since last request: 9.766419 seconds.
  path: Assets/Alpha Version/MyImports/CA Models/CA000/2D/00-rotationTask-145x.png
  artifactKey: Guid(4d903dfaf3dc46f43a5fdef404b1dafc) Importer(815301076,1909f56bfc062723c751e8b465ee728b)
Start importing Assets/Alpha Version/MyImports/CA Models/CA000/2D/00-rotationTask-145x.png using Guid(4d903dfaf3dc46f43a5fdef404b1dafc) Importer(815301076,1909f56bfc062723c751e8b465ee728b)  -> (artifact id: '678fbb4247c6aca59afb347c5fb22229') in 0.037908 seconds
  Import took 0.045111 seconds .

========================================================================
Received Prepare
Shader 'Universal Render Pipeline/Particles/Lit': fallback shader 'Universal Render Pipeline/Particles/SimpleLit' not found
Refreshing native plugins compatible for Editor in 2.26 ms, found 3 plugins.
Preloading 1 native plugins for Editor in 0.12 ms.
Unloading 3 Unused Serialized files (Serialized files now loaded: 0)
System memory in use before: 111.4 MB.
System memory in use after: 111.7 MB.

Unloading 3 unused Assets to reduce memory usage. Loaded Objects now: 3875.
Total: 7.103100 ms (FindLiveObjects: 0.475000 ms CreateObjectMapping: 0.276000 ms MarkObjects: 6.321700 ms  DeleteObjects: 0.027900 ms)

========================================================================
Received Import Request.
  Time since last request: 2347.802376 seconds.
  path: Assets/Alpha Version/MyImports/CA Models/CA000/2D/00-rotationTask-220y.png
  artifactKey: Guid(5dd9db261d3ea9c4ebe80870a4f9709d) Importer(815301076,1909f56bfc062723c751e8b465ee728b)
Start importing Assets/Alpha Version/MyImports/CA Models/CA000/2D/00-rotationTask-220y.png using Guid(5dd9db261d3ea9c4ebe80870a4f9709d) Importer(815301076,1909f56bfc062723c751e8b465ee728b)  -> (artifact id: '23b5e0b83632ff6b151579a99d62774d') in 0.030074 seconds
  Import took 0.040612 seconds .

========================================================================
Received Import Request.
  Time since last request: 18.074904 seconds.
  path: Assets/Alpha Version/MyImports/CA Models/CA000/2D/00-rotationTask-30z.png
  artifactKey: Guid(31eeb19dc8efecc4a9aa51a22df200ee) Importer(815301076,1909f56bfc062723c751e8b465ee728b)
Start importing Assets/Alpha Version/MyImports/CA Models/CA000/2D/00-rotationTask-30z.png using Guid(31eeb19dc8efecc4a9aa51a22df200ee) Importer(815301076,1909f56bfc062723c751e8b465ee728b)  -> (artifact id: '99cca0a05ae80afe836f1887135a2673') in 0.030872 seconds
  Import took 0.050221 seconds .

========================================================================
Received Import Request.
  Time since last request: 355.407400 seconds.
  path: Assets/Alpha Version/MyImports/CA Models/CA000/2D/00-Product.png
  artifactKey: Guid(9284561770b5c27428a64e7e820ca871) Importer(815301076,1909f56bfc062723c751e8b465ee728b)
Start importing Assets/Alpha Version/MyImports/CA Models/CA000/2D/00-Product.png using Guid(9284561770b5c27428a64e7e820ca871) Importer(815301076,1909f56bfc062723c751e8b465ee728b)  -> (artifact id: '83a80e9cf64c241b2e876cf3ff860158') in 0.029057 seconds
  Import took 0.041361 seconds .

========================================================================
Received Import Request.
  Time since last request: 0.610203 seconds.
  path: Assets/Alpha Version/MyImports/CA Models/CA000/2D/00-rotationTask-145x.png
  artifactKey: Guid(4d903dfaf3dc46f43a5fdef404b1dafc) Importer(815301076,1909f56bfc062723c751e8b465ee728b)
Start importing Assets/Alpha Version/MyImports/CA Models/CA000/2D/00-rotationTask-145x.png using Guid(4d903dfaf3dc46f43a5fdef404b1dafc) Importer(815301076,1909f56bfc062723c751e8b465ee728b)  -> (artifact id: '242ce249dcb6b5e4d4bbcdcdb597a5f4') in 0.024089 seconds
  Import took 0.034943 seconds .

========================================================================
Received Import Request.
  Time since last request: 13.178293 seconds.
  path: Assets/Alpha Version/MyImports/CA Models/CA000/2D/00-rotationTask-145x.png
  artifactKey: Guid(4d903dfaf3dc46f43a5fdef404b1dafc) Importer(815301076,1909f56bfc062723c751e8b465ee728b)
Start importing Assets/Alpha Version/MyImports/CA Models/CA000/2D/00-rotationTask-145x.png using Guid(4d903dfaf3dc46f43a5fdef404b1dafc) Importer(815301076,1909f56bfc062723c751e8b465ee728b)  -> (artifact id: 'd97f9efc23e80ebd033e8ff141f89222') in 0.024358 seconds
  Import took 0.032404 seconds .

========================================================================
Received Prepare
Shader 'Universal Render Pipeline/Particles/Lit': fallback shader 'Universal Render Pipeline/Particles/SimpleLit' not found
Refreshing native plugins compatible for Editor in 2.44 ms, found 3 plugins.
Preloading 1 native plugins for Editor in 0.13 ms.
Unloading 3 Unused Serialized files (Serialized files now loaded: 0)
System memory in use before: 111.4 MB.
System memory in use after: 111.7 MB.

Unloading 3 unused Assets to reduce memory usage. Loaded Objects now: 3879.
Total: 36.694300 ms (FindLiveObjects: 0.697300 ms CreateObjectMapping: 0.359800 ms MarkObjects: 35.577000 ms  DeleteObjects: 0.057200 ms)

========================================================================
Received Import Request.
  Time since last request: 318.248607 seconds.
  path: Assets/Alpha Version/MyImports/CA Models/CA000/2D/00-rotationTask-30z.png
  artifactKey: Guid(31eeb19dc8efecc4a9aa51a22df200ee) Importer(815301076,1909f56bfc062723c751e8b465ee728b)
Start importing Assets/Alpha Version/MyImports/CA Models/CA000/2D/00-rotationTask-30z.png using Guid(31eeb19dc8efecc4a9aa51a22df200ee) Importer(815301076,1909f56bfc062723c751e8b465ee728b)  -> (artifact id: '4e2b06a10081442f6d78e1b00ae22236') in 0.029530 seconds
  Import took 0.042020 seconds .

========================================================================
Received Import Request.
  Time since last request: 4.394956 seconds.
  path: Assets/Alpha Version/MyImports/CA Models/CA000/2D/00-rotationTask-335z.png
  artifactKey: Guid(31eeb19dc8efecc4a9aa51a22df200ee) Importer(815301076,1909f56bfc062723c751e8b465ee728b)
Start importing Assets/Alpha Version/MyImports/CA Models/CA000/2D/00-rotationTask-335z.png using Guid(31eeb19dc8efecc4a9aa51a22df200ee) Importer(815301076,1909f56bfc062723c751e8b465ee728b)  -> (artifact id: '0257813afb2b02b973c8946f6ced3d5c') in 0.022505 seconds
  Import took 0.038025 seconds .

========================================================================
Received Prepare
Registering precompiled user dll's ...
Registered in 0.003837 seconds.
Begin MonoManager ReloadAssembly
Native extension for WindowsStandalone target not found
Refreshing native plugins compatible for Editor in 0.90 ms, found 3 plugins.
Preloading 1 native plugins for Editor in 0.13 ms.
NullReferenceException: Object reference not set to an instance of an object
  at Unity.XR.Oculus.OculusLoader.AssetPathToAbsolutePath (System.String assetPath) [0x00048] in C:\Users\eecheve\Documents\UnityProjects\VRxn Repo\VRxn\Library\PackageCache\com.unity.xr.oculus@1.9.0\Runtime\OculusLoader.cs:249 
  at Unity.XR.Oculus.OculusLoader.EditorLoadOVRPlugin () [0x0007b] in C:\Users\eecheve\Documents\UnityProjects\VRxn Repo\VRxn\Library\PackageCache\com.unity.xr.oculus@1.9.0\Runtime\OculusLoader.cs:234 

(Filename: Library/PackageCache/com.unity.xr.oculus@1.9.0/Runtime/OculusLoader.cs Line: 249)

Mono: successfully reloaded assembly
- Completed reload, in  2.194 seconds
Platform modules already initialized, skipping
Switching build target platform(5) subTarget(0) extendedPlatform(0) -> platform(13) subTarget(524294) extendedPlatform(0)
Shader 'Universal Render Pipeline/Particles/Lit': fallback shader 'Universal Render Pipeline/Particles/SimpleLit' not found
Refreshing native plugins compatible for Editor in 0.95 ms, found 3 plugins.
Preloading 1 native plugins for Editor in 0.14 ms.
Unloading 3194 Unused Serialized files (Serialized files now loaded: 0)
System memory in use before: 171.3 MB.
System memory in use after: 171.5 MB.

Unloading 7 unused Assets to reduce memory usage. Loaded Objects now: 3883.
Total: 8.394100 ms (FindLiveObjects: 0.699200 ms CreateObjectMapping: 0.374800 ms MarkObjects: 7.291700 ms  DeleteObjects: 0.024800 ms)

AssetImportParameters requested are different than current active one (requested -> active):
  custom:graphics/normal-map-encoding: 01000000000000000000000000000000 -> 02000000000000000000000000000000
========================================================================
Received Prepare
Shader 'Universal Render Pipeline/Particles/Lit': fallback shader 'Universal Render Pipeline/Particles/SimpleLit' not found
Refreshing native plugins compatible for Editor in 2.17 ms, found 3 plugins.
Preloading 1 native plugins for Editor in 0.13 ms.
Unloading 3 Unused Serialized files (Serialized files now loaded: 0)
System memory in use before: 111.4 MB.
System memory in use after: 111.6 MB.

Unloading 3 unused Assets to reduce memory usage. Loaded Objects now: 3883.
Total: 5.062800 ms (FindLiveObjects: 0.642800 ms CreateObjectMapping: 0.273200 ms MarkObjects: 4.126100 ms  DeleteObjects: 0.019200 ms)

========================================================================
Received Prepare
Registering precompiled user dll's ...
Registered in 0.005289 seconds.
Begin MonoManager ReloadAssembly
Native extension for WindowsStandalone target not found
Refreshing native plugins compatible for Editor in 0.93 ms, found 3 plugins.
Preloading 1 native plugins for Editor in 0.18 ms.
NullReferenceException: Object reference not set to an instance of an object
  at Unity.XR.Oculus.OculusLoader.AssetPathToAbsolutePath (System.String assetPath) [0x00048] in C:\Users\eecheve\Documents\UnityProjects\VRxn Repo\VRxn\Library\PackageCache\com.unity.xr.oculus@1.9.0\Runtime\OculusLoader.cs:249 
  at Unity.XR.Oculus.OculusLoader.EditorLoadOVRPlugin () [0x0007b] in C:\Users\eecheve\Documents\UnityProjects\VRxn Repo\VRxn\Library\PackageCache\com.unity.xr.oculus@1.9.0\Runtime\OculusLoader.cs:234 

(Filename: Library/PackageCache/com.unity.xr.oculus@1.9.0/Runtime/OculusLoader.cs Line: 249)

Mono: successfully reloaded assembly
- Completed reload, in  1.518 seconds
Platform modules already initialized, skipping
Switching build target platform(5) subTarget(0) extendedPlatform(0) -> platform(13) subTarget(524294) extendedPlatform(0)
Shader 'Universal Render Pipeline/Particles/Lit': fallback shader 'Universal Render Pipeline/Particles/SimpleLit' not found
Refreshing native plugins compatible for Editor in 0.86 ms, found 3 plugins.
Preloading 1 native plugins for Editor in 0.11 ms.
Unloading 3194 Unused Serialized files (Serialized files now loaded: 0)
System memory in use before: 171.3 MB.
System memory in use after: 171.6 MB.

Unloading 7 unused Assets to reduce memory usage. Loaded Objects now: 3887.
Total: 3.608200 ms (FindLiveObjects: 0.510700 ms CreateObjectMapping: 0.256900 ms MarkObjects: 2.820400 ms  DeleteObjects: 0.018800 ms)

AssetImportParameters requested are different than current active one (requested -> active):
  custom:graphics/normal-map-encoding: 01000000000000000000000000000000 -> 02000000000000000000000000000000
========================================================================
Received Prepare
Shader 'Universal Render Pipeline/Particles/Lit': fallback shader 'Universal Render Pipeline/Particles/SimpleLit' not found
Refreshing native plugins compatible for Editor in 2.01 ms, found 3 plugins.
Preloading 1 native plugins for Editor in 0.11 ms.
Unloading 3 Unused Serialized files (Serialized files now loaded: 0)
System memory in use before: 111.4 MB.
System memory in use after: 111.6 MB.

Unloading 3 unused Assets to reduce memory usage. Loaded Objects now: 3887.
Total: 6.837500 ms (FindLiveObjects: 0.679900 ms CreateObjectMapping: 0.335100 ms MarkObjects: 5.793700 ms  DeleteObjects: 0.026400 ms)

========================================================================
Received Prepare
Shader 'Universal Render Pipeline/Particles/Lit': fallback shader 'Universal Render Pipeline/Particles/SimpleLit' not found
Refreshing native plugins compatible for Editor in 1.90 ms, found 3 plugins.
Preloading 1 native plugins for Editor in 0.12 ms.
Unloading 3 Unused Serialized files (Serialized files now loaded: 0)
System memory in use before: 111.4 MB.
System memory in use after: 111.6 MB.

Unloading 3 unused Assets to reduce memory usage. Loaded Objects now: 3887.
Total: 5.552300 ms (FindLiveObjects: 0.662800 ms CreateObjectMapping: 0.298500 ms MarkObjects: 4.556700 ms  DeleteObjects: 0.031900 ms)

AssetImportWorkerClient::OnTransportError - code=2 error=End of file
