Using pre-set license
Built from '2020.3/staging' branch; Version is '2020.3.5f1 (8095aa901b9b) revision 8426922'; Using compiler version '192528614'; Build Type 'Release'
OS: 'Windows 10 Education; OS build 18363.1500; Version 1909; 64bit' Language: 'en' Physical Memory: 16194 MB
BatchMode: 1, IsHumanControllingUs: 0, StartBugReporterOnCrash: 0, Is64bit: 1, IsPro: 0

 COMMAND LINE ARGUMENTS:
C:\Program Files\Unity\Hub\Editor\2020.3.5f1\Editor\Unity.exe
-adb2
-batchMode
-noUpm
-name
AssetImportWorker8
-projectPath
C:/Users/eecheve/Documents/UnityProjects/VRxn Repo/VRxn
-logFile
Logs/AssetImportWorker8.log
-srvPort
65264
Successfully changed project path to: C:/Users/eecheve/Documents/UnityProjects/VRxn Repo/VRxn
C:/Users/eecheve/Documents/UnityProjects/VRxn Repo/VRxn
Using Asset Import Pipeline V2.
Refreshing native plugins compatible for Editor in 10673.95 ms, found 3 plugins.
Preloading 1 native plugins for Editor in 27.01 ms.
Initialize engine version: 2020.3.5f1 (8095aa901b9b)
[Subsystems] Discovering subsystems at path C:/Program Files/Unity/Hub/Editor/2020.3.5f1/Editor/Data/Resources/UnitySubsystems
[Subsystems] Discovering subsystems at path C:/Users/eecheve/Documents/UnityProjects/VRxn Repo/VRxn/Assets
GfxDevice: creating device client; threaded=0
