Using pre-set license
Built from '2020.3/staging' branch; Version is '2020.3.5f1 (8095aa901b9b) revision 8426922'; Using compiler version '192528614'; Build Type 'Release'
OS: 'Windows 10 Education; OS build 18363.2274; Version 1909; 64bit' Language: 'en' Physical Memory: 16194 MB
BatchMode: 1, IsHumanControllingUs: 0, StartBugReporterOnCrash: 0, Is64bit: 1, IsPro: 0

 COMMAND LINE ARGUMENTS:
C:\Program Files\Unity\Hub\Editor\2020.3.5f1\Editor\Unity.exe
-adb2
-batchMode
-noUpm
-name
AssetImportWorker0
-projectPath
C:/Users/eecheve/Documents/UnityProjects/VRxn Repo/VRxn
-logFile
Logs/AssetImportWorker0.log
-srvPort
52356
Successfully changed project path to: C:/Users/eecheve/Documents/UnityProjects/VRxn Repo/VRxn
C:/Users/eecheve/Documents/UnityProjects/VRxn Repo/VRxn
Using Asset Import Pipeline V2.
Refreshing native plugins compatible for Editor in 284.33 ms, found 4 plugins.
Preloading 1 native plugins for Editor in 1.22 ms.
Initialize engine version: 2020.3.5f1 (8095aa901b9b)
[Subsystems] Discovering subsystems at path C:/Program Files/Unity/Hub/Editor/2020.3.5f1/Editor/Data/Resources/UnitySubsystems
[Subsystems] Discovering subsystems at path C:/Users/eecheve/Documents/UnityProjects/VRxn Repo/VRxn/Assets
GfxDevice: creating device client; threaded=0
Direct3D:
    Version:  Direct3D 11.0 [level 11.1]
    Renderer: Intel(R) UHD Graphics 620 (ID=0x3ea0)
    Vendor:   
    VRAM:     8097 MB
    Driver:   26.20.100.8141
Shader 'Universal Render Pipeline/Particles/Lit': fallback shader 'Universal Render Pipeline/Particles/SimpleLit' not found
Initialize mono
Mono path[0] = 'C:/Program Files/Unity/Hub/Editor/2020.3.5f1/Editor/Data/Managed'
Mono path[1] = 'C:/Program Files/Unity/Hub/Editor/2020.3.5f1/Editor/Data/MonoBleedingEdge/lib/mono/unityjit'
Mono config path = 'C:/Program Files/Unity/Hub/Editor/2020.3.5f1/Editor/Data/MonoBleedingEdge/etc'
Using monoOptions --debugger-agent=transport=dt_socket,embedding=1,server=y,suspend=n,address=127.0.0.1:56536
Begin MonoManager ReloadAssembly
Registering precompiled unity dll's ...
Register platform support module: C:/Program Files/Unity/Hub/Editor/2020.3.5f1/Editor/Data/PlaybackEngines/WindowsStandaloneSupport/UnityEditor.WindowsStandalone.Extensions.dll
Registered in 0.002770 seconds.
Native extension for WindowsStandalone target not found
Refreshing native plugins compatible for Editor in 163.31 ms, found 4 plugins.
Preloading 1 native plugins for Editor in 0.17 ms.
Mono: successfully reloaded assembly
- Completed reload, in  4.326 seconds
Platform modules already initialized, skipping
Registering precompiled user dll's ...
Registered in 0.004656 seconds.
Begin MonoManager ReloadAssembly
Native extension for WindowsStandalone target not found
Refreshing native plugins compatible for Editor in 187.73 ms, found 4 plugins.
Preloading 1 native plugins for Editor in 0.56 ms.
[XR] OculusXRPlugin: registering subsystems
[XR] Unable to register display lifecyle provider: [1]
[XR] Oculus Input lifecycle provider registered.
[XR] Unable to register input lifecyle provider: [1]
NullReferenceException: Object reference not set to an instance of an object
  at Unity.XR.Oculus.OculusLoader.AssetPathToAbsolutePath (System.String assetPath) [0x00048] in C:\Users\eecheve\Documents\UnityProjects\VRxn Repo\VRxn\Library\PackageCache\com.unity.xr.oculus@1.9.0\Runtime\OculusLoader.cs:249 
  at Unity.XR.Oculus.OculusLoader.EditorLoadOVRPlugin () [0x0007b] in C:\Users\eecheve\Documents\UnityProjects\VRxn Repo\VRxn\Library\PackageCache\com.unity.xr.oculus@1.9.0\Runtime\OculusLoader.cs:234 

(Filename: Library/PackageCache/com.unity.xr.oculus@1.9.0/Runtime/OculusLoader.cs Line: 249)

Mono: successfully reloaded assembly
- Completed reload, in  2.607 seconds
Platform modules already initialized, skipping
========================================================================
Worker process is ready to serve import requests
Shader 'Universal Render Pipeline/Particles/Lit': fallback shader 'Universal Render Pipeline/Particles/SimpleLit' not found
Launched and connected shader compiler UnityShaderCompiler.exe after 0.13 seconds
Refreshing native plugins compatible for Editor in 3.89 ms, found 4 plugins.
Preloading 1 native plugins for Editor in 0.37 ms.
Unloading 3593 Unused Serialized files (Serialized files now loaded: 0)
System memory in use before: 177.5 MB.
System memory in use after: 177.8 MB.

Unloading 16 unused Assets to reduce memory usage. Loaded Objects now: 4063.
Total: 26.576700 ms (FindLiveObjects: 1.463600 ms CreateObjectMapping: 0.517400 ms MarkObjects: 24.417800 ms  DeleteObjects: 0.175000 ms)

========================================================================
Received Import Request.
  path: Assets/Scripts/Saving
  artifactKey: Guid(e5b522db7cf4c034090a844a5095707e) Importer(815301076,1909f56bfc062723c751e8b465ee728b)
Start importing Assets/Scripts/Saving using Guid(e5b522db7cf4c034090a844a5095707e) Importer(815301076,1909f56bfc062723c751e8b465ee728b)  -> (artifact id: 'aed9c9e0bbf486d3058a20a445b2d735') in 0.020182 seconds
  Import took 0.031933 seconds .

========================================================================
Received Import Request.
  Time since last request: 5.944552 seconds.
  path: Assets/Scripts/Saving/ScreenshotManager.cs
  artifactKey: Guid(71436915d4895f54db5f5e74df8a5e50) Importer(815301076,1909f56bfc062723c751e8b465ee728b)
Start importing Assets/Scripts/Saving/ScreenshotManager.cs using Guid(71436915d4895f54db5f5e74df8a5e50) Importer(815301076,1909f56bfc062723c751e8b465ee728b)  -> (artifact id: '1522dce8cef8914341466c5ca3a1db17') in 0.085093 seconds
  Import took 0.099801 seconds .

========================================================================
Received Prepare
Registering precompiled user dll's ...
Registered in 0.015027 seconds.
Begin MonoManager ReloadAssembly
Native extension for WindowsStandalone target not found
Refreshing native plugins compatible for Editor in 2.48 ms, found 4 plugins.
Preloading 1 native plugins for Editor in 0.18 ms.
NullReferenceException: Object reference not set to an instance of an object
  at Unity.XR.Oculus.OculusLoader.AssetPathToAbsolutePath (System.String assetPath) [0x00048] in C:\Users\eecheve\Documents\UnityProjects\VRxn Repo\VRxn\Library\PackageCache\com.unity.xr.oculus@1.9.0\Runtime\OculusLoader.cs:249 
  at Unity.XR.Oculus.OculusLoader.EditorLoadOVRPlugin () [0x0007b] in C:\Users\eecheve\Documents\UnityProjects\VRxn Repo\VRxn\Library\PackageCache\com.unity.xr.oculus@1.9.0\Runtime\OculusLoader.cs:234 

(Filename: Library/PackageCache/com.unity.xr.oculus@1.9.0/Runtime/OculusLoader.cs Line: 249)

Mono: successfully reloaded assembly
- Completed reload, in  5.860 seconds
Platform modules already initialized, skipping
Switching build target platform(5) subTarget(0) extendedPlatform(0) -> platform(13) subTarget(524294) extendedPlatform(0)
Shader 'Universal Render Pipeline/Particles/Lit': fallback shader 'Universal Render Pipeline/Particles/SimpleLit' not found
Refreshing native plugins compatible for Editor in 1.95 ms, found 4 plugins.
Preloading 1 native plugins for Editor in 0.38 ms.
Unloading 3459 Unused Serialized files (Serialized files now loaded: 0)
System memory in use before: 165.1 MB.
System memory in use after: 165.4 MB.

Unloading 10 unused Assets to reduce memory usage. Loaded Objects now: 4068.
Total: 13.317900 ms (FindLiveObjects: 0.909700 ms CreateObjectMapping: 0.677900 ms MarkObjects: 11.689700 ms  DeleteObjects: 0.037600 ms)

AssetImportParameters requested are different than current active one (requested -> active):
  custom:graphics/normal-map-encoding: 01000000000000000000000000000000 -> 02000000000000000000000000000000
========================================================================
Received Prepare
Registering precompiled user dll's ...
Registered in 0.005256 seconds.
Begin MonoManager ReloadAssembly
Native extension for WindowsStandalone target not found
Refreshing native plugins compatible for Editor in 1.15 ms, found 4 plugins.
Preloading 1 native plugins for Editor in 0.15 ms.
NullReferenceException: Object reference not set to an instance of an object
  at Unity.XR.Oculus.OculusLoader.AssetPathToAbsolutePath (System.String assetPath) [0x00048] in C:\Users\eecheve\Documents\UnityProjects\VRxn Repo\VRxn\Library\PackageCache\com.unity.xr.oculus@1.9.0\Runtime\OculusLoader.cs:249 
  at Unity.XR.Oculus.OculusLoader.EditorLoadOVRPlugin () [0x0007b] in C:\Users\eecheve\Documents\UnityProjects\VRxn Repo\VRxn\Library\PackageCache\com.unity.xr.oculus@1.9.0\Runtime\OculusLoader.cs:234 

(Filename: Library/PackageCache/com.unity.xr.oculus@1.9.0/Runtime/OculusLoader.cs Line: 249)

Mono: successfully reloaded assembly
- Completed reload, in  2.894 seconds
Platform modules already initialized, skipping
Switching build target platform(5) subTarget(0) extendedPlatform(0) -> platform(13) subTarget(524294) extendedPlatform(0)
Shader 'Universal Render Pipeline/Particles/Lit': fallback shader 'Universal Render Pipeline/Particles/SimpleLit' not found
Refreshing native plugins compatible for Editor in 1.13 ms, found 4 plugins.
Preloading 1 native plugins for Editor in 0.19 ms.
Unloading 3459 Unused Serialized files (Serialized files now loaded: 0)
System memory in use before: 165.2 MB.
System memory in use after: 165.4 MB.

Unloading 10 unused Assets to reduce memory usage. Loaded Objects now: 4072.
Total: 4.506900 ms (FindLiveObjects: 0.479300 ms CreateObjectMapping: 0.294300 ms MarkObjects: 3.694600 ms  DeleteObjects: 0.037100 ms)

AssetImportParameters requested are different than current active one (requested -> active):
  custom:graphics/normal-map-encoding: 01000000000000000000000000000000 -> 02000000000000000000000000000000
========================================================================
Received Import Request.
  Time since last request: 107.437660 seconds.
  path: Assets/Scripts/Saving/ScreenshotManager.cs
  artifactKey: Guid(71436915d4895f54db5f5e74df8a5e50) Importer(815301076,1909f56bfc062723c751e8b465ee728b)
Start importing Assets/Scripts/Saving/ScreenshotManager.cs using Guid(71436915d4895f54db5f5e74df8a5e50) Importer(815301076,1909f56bfc062723c751e8b465ee728b)  -> (artifact id: '79ec376ffc058982a8c14e2ab820733e') in 0.017487 seconds
  Import took 0.030606 seconds .

========================================================================
Received Import Request.
  Time since last request: 37.189475 seconds.
  path: Assets/Editor/ScreenshotManagerEditor.cs
  artifactKey: Guid(1ed5988e747e3644ab1765b853f39587) Importer(815301076,1909f56bfc062723c751e8b465ee728b)
Start importing Assets/Editor/ScreenshotManagerEditor.cs using Guid(1ed5988e747e3644ab1765b853f39587) Importer(815301076,1909f56bfc062723c751e8b465ee728b)  -> (artifact id: '5ccffa0b907f48c7373f561411450c90') in 0.023061 seconds
  Import took 0.051827 seconds .

========================================================================
Received Import Request.
  Time since last request: 0.018740 seconds.
  path: Assets/Editor/ScreenshotManagerEditor.cs
  artifactKey: Guid(1ed5988e747e3644ab1765b853f39587) Importer(815301076,1909f56bfc062723c751e8b465ee728b)
Start importing Assets/Editor/ScreenshotManagerEditor.cs using Guid(1ed5988e747e3644ab1765b853f39587) Importer(815301076,1909f56bfc062723c751e8b465ee728b)  -> (artifact id: '5ccffa0b907f48c7373f561411450c90') in 0.068579 seconds
  Import took 0.243163 seconds .

========================================================================
Received Prepare
Registering precompiled user dll's ...
Registered in 0.010143 seconds.
Begin MonoManager ReloadAssembly
Native extension for WindowsStandalone target not found
Refreshing native plugins compatible for Editor in 1.14 ms, found 4 plugins.
Preloading 1 native plugins for Editor in 0.42 ms.
NullReferenceException: Object reference not set to an instance of an object
  at Unity.XR.Oculus.OculusLoader.AssetPathToAbsolutePath (System.String assetPath) [0x00048] in C:\Users\eecheve\Documents\UnityProjects\VRxn Repo\VRxn\Library\PackageCache\com.unity.xr.oculus@1.9.0\Runtime\OculusLoader.cs:249 
  at Unity.XR.Oculus.OculusLoader.EditorLoadOVRPlugin () [0x0007b] in C:\Users\eecheve\Documents\UnityProjects\VRxn Repo\VRxn\Library\PackageCache\com.unity.xr.oculus@1.9.0\Runtime\OculusLoader.cs:234 

(Filename: Library/PackageCache/com.unity.xr.oculus@1.9.0/Runtime/OculusLoader.cs Line: 249)

Mono: successfully reloaded assembly
- Completed reload, in  2.366 seconds
Platform modules already initialized, skipping
Switching build target platform(5) subTarget(0) extendedPlatform(0) -> platform(13) subTarget(524294) extendedPlatform(0)
Shader 'Universal Render Pipeline/Particles/Lit': fallback shader 'Universal Render Pipeline/Particles/SimpleLit' not found
Refreshing native plugins compatible for Editor in 1.22 ms, found 4 plugins.
Preloading 1 native plugins for Editor in 0.15 ms.
Unloading 3460 Unused Serialized files (Serialized files now loaded: 0)
System memory in use before: 165.3 MB.
System memory in use after: 165.5 MB.

Unloading 10 unused Assets to reduce memory usage. Loaded Objects now: 4077.
Total: 10.814700 ms (FindLiveObjects: 1.062800 ms CreateObjectMapping: 0.891200 ms MarkObjects: 8.737200 ms  DeleteObjects: 0.121100 ms)

AssetImportParameters requested are different than current active one (requested -> active):
  custom:graphics/normal-map-encoding: 01000000000000000000000000000000 -> 02000000000000000000000000000000
========================================================================
Received Import Request.
  Time since last request: 16.848840 seconds.
  path: Assets/Editor/Saving Editors
  artifactKey: Guid(754e0527bb3b19e41b27bb959665bdbe) Importer(815301076,1909f56bfc062723c751e8b465ee728b)
Start importing Assets/Editor/Saving Editors using Guid(754e0527bb3b19e41b27bb959665bdbe) Importer(815301076,1909f56bfc062723c751e8b465ee728b)  -> (artifact id: '0eefb651142b4e0b5933d1500d807b07') in 0.029417 seconds
  Import took 0.051418 seconds .

========================================================================
Received Prepare
Registering precompiled user dll's ...
Registered in 0.005973 seconds.
Begin MonoManager ReloadAssembly
Native extension for WindowsStandalone target not found
Refreshing native plugins compatible for Editor in 1.41 ms, found 4 plugins.
Preloading 1 native plugins for Editor in 0.15 ms.
NullReferenceException: Object reference not set to an instance of an object
  at Unity.XR.Oculus.OculusLoader.AssetPathToAbsolutePath (System.String assetPath) [0x00048] in C:\Users\eecheve\Documents\UnityProjects\VRxn Repo\VRxn\Library\PackageCache\com.unity.xr.oculus@1.9.0\Runtime\OculusLoader.cs:249 
  at Unity.XR.Oculus.OculusLoader.EditorLoadOVRPlugin () [0x0007b] in C:\Users\eecheve\Documents\UnityProjects\VRxn Repo\VRxn\Library\PackageCache\com.unity.xr.oculus@1.9.0\Runtime\OculusLoader.cs:234 

(Filename: Library/PackageCache/com.unity.xr.oculus@1.9.0/Runtime/OculusLoader.cs Line: 249)

Mono: successfully reloaded assembly
- Completed reload, in  2.598 seconds
Platform modules already initialized, skipping
Switching build target platform(5) subTarget(0) extendedPlatform(0) -> platform(13) subTarget(524294) extendedPlatform(0)
Shader 'Universal Render Pipeline/Particles/Lit': fallback shader 'Universal Render Pipeline/Particles/SimpleLit' not found
Refreshing native plugins compatible for Editor in 1.84 ms, found 4 plugins.
Preloading 1 native plugins for Editor in 0.19 ms.
Unloading 3460 Unused Serialized files (Serialized files now loaded: 0)
System memory in use before: 165.3 MB.
System memory in use after: 165.5 MB.

Unloading 10 unused Assets to reduce memory usage. Loaded Objects now: 4081.
Total: 4.960200 ms (FindLiveObjects: 0.859200 ms CreateObjectMapping: 0.437300 ms MarkObjects: 3.630900 ms  DeleteObjects: 0.029800 ms)

AssetImportParameters requested are different than current active one (requested -> active):
  custom:graphics/normal-map-encoding: 01000000000000000000000000000000 -> 02000000000000000000000000000000
========================================================================
Received Prepare
Registering precompiled user dll's ...
Registered in 0.007738 seconds.
Begin MonoManager ReloadAssembly
Native extension for WindowsStandalone target not found
Refreshing native plugins compatible for Editor in 1.07 ms, found 4 plugins.
Preloading 1 native plugins for Editor in 0.13 ms.
NullReferenceException: Object reference not set to an instance of an object
  at Unity.XR.Oculus.OculusLoader.AssetPathToAbsolutePath (System.String assetPath) [0x00048] in C:\Users\eecheve\Documents\UnityProjects\VRxn Repo\VRxn\Library\PackageCache\com.unity.xr.oculus@1.9.0\Runtime\OculusLoader.cs:249 
  at Unity.XR.Oculus.OculusLoader.EditorLoadOVRPlugin () [0x0007b] in C:\Users\eecheve\Documents\UnityProjects\VRxn Repo\VRxn\Library\PackageCache\com.unity.xr.oculus@1.9.0\Runtime\OculusLoader.cs:234 

(Filename: Library/PackageCache/com.unity.xr.oculus@1.9.0/Runtime/OculusLoader.cs Line: 249)

Mono: successfully reloaded assembly
- Completed reload, in  2.210 seconds
Platform modules already initialized, skipping
Switching build target platform(5) subTarget(0) extendedPlatform(0) -> platform(13) subTarget(524294) extendedPlatform(0)
Shader 'Universal Render Pipeline/Particles/Lit': fallback shader 'Universal Render Pipeline/Particles/SimpleLit' not found
Refreshing native plugins compatible for Editor in 1.22 ms, found 4 plugins.
Preloading 1 native plugins for Editor in 0.24 ms.
Unloading 3460 Unused Serialized files (Serialized files now loaded: 0)
System memory in use before: 165.3 MB.
System memory in use after: 165.5 MB.

Unloading 10 unused Assets to reduce memory usage. Loaded Objects now: 4085.
Total: 3.751100 ms (FindLiveObjects: 0.486000 ms CreateObjectMapping: 0.270600 ms MarkObjects: 2.971200 ms  DeleteObjects: 0.021700 ms)

AssetImportParameters requested are different than current active one (requested -> active):
  custom:graphics/normal-map-encoding: 01000000000000000000000000000000 -> 02000000000000000000000000000000
========================================================================
Received Import Request.
  Time since last request: 50.989080 seconds.
  path: Assets/Editor/Saving Editors/ScreenshotManagerEditor.cs
  artifactKey: Guid(1ed5988e747e3644ab1765b853f39587) Importer(815301076,1909f56bfc062723c751e8b465ee728b)
Start importing Assets/Editor/Saving Editors/ScreenshotManagerEditor.cs using Guid(1ed5988e747e3644ab1765b853f39587) Importer(815301076,1909f56bfc062723c751e8b465ee728b)  -> (artifact id: '5f29df60b46b746b91c6aa0af5ce5c67') in 0.008712 seconds
  Import took 0.018644 seconds .

========================================================================
Received Import Request.
  Time since last request: 5.109541 seconds.
  path: Assets/Editor/Data Editors/AtomDataListEditor.cs
  artifactKey: Guid(820fc004aff62144e89b23ba06e11f2c) Importer(815301076,1909f56bfc062723c751e8b465ee728b)
Start importing Assets/Editor/Data Editors/AtomDataListEditor.cs using Guid(820fc004aff62144e89b23ba06e11f2c) Importer(815301076,1909f56bfc062723c751e8b465ee728b)  -> (artifact id: '132e4f1b149df6d58eb2d47bb5971326') in 0.019292 seconds
  Import took 0.032496 seconds .

========================================================================
Received Prepare
Registering precompiled user dll's ...
Registered in 0.010526 seconds.
Begin MonoManager ReloadAssembly
Native extension for WindowsStandalone target not found
Refreshing native plugins compatible for Editor in 2.93 ms, found 4 plugins.
Preloading 1 native plugins for Editor in 0.27 ms.
NullReferenceException: Object reference not set to an instance of an object
  at Unity.XR.Oculus.OculusLoader.AssetPathToAbsolutePath (System.String assetPath) [0x00048] in C:\Users\eecheve\Documents\UnityProjects\VRxn Repo\VRxn\Library\PackageCache\com.unity.xr.oculus@1.9.0\Runtime\OculusLoader.cs:249 
  at Unity.XR.Oculus.OculusLoader.EditorLoadOVRPlugin () [0x0007b] in C:\Users\eecheve\Documents\UnityProjects\VRxn Repo\VRxn\Library\PackageCache\com.unity.xr.oculus@1.9.0\Runtime\OculusLoader.cs:234 

(Filename: Library/PackageCache/com.unity.xr.oculus@1.9.0/Runtime/OculusLoader.cs Line: 249)

Mono: successfully reloaded assembly
- Completed reload, in  2.865 seconds
Platform modules already initialized, skipping
Switching build target platform(5) subTarget(0) extendedPlatform(0) -> platform(13) subTarget(524294) extendedPlatform(0)
Shader 'Universal Render Pipeline/Particles/Lit': fallback shader 'Universal Render Pipeline/Particles/SimpleLit' not found
Refreshing native plugins compatible for Editor in 2.20 ms, found 4 plugins.
Preloading 1 native plugins for Editor in 0.16 ms.
Unloading 3460 Unused Serialized files (Serialized files now loaded: 0)
System memory in use before: 165.3 MB.
System memory in use after: 165.5 MB.

Unloading 10 unused Assets to reduce memory usage. Loaded Objects now: 4089.
Total: 6.381600 ms (FindLiveObjects: 0.555300 ms CreateObjectMapping: 0.599600 ms MarkObjects: 5.189800 ms  DeleteObjects: 0.034200 ms)

AssetImportParameters requested are different than current active one (requested -> active):
  custom:graphics/normal-map-encoding: 01000000000000000000000000000000 -> 02000000000000000000000000000000
========================================================================
Received Prepare
Registering precompiled user dll's ...
Registered in 0.004841 seconds.
Begin MonoManager ReloadAssembly
Native extension for WindowsStandalone target not found
Refreshing native plugins compatible for Editor in 1.80 ms, found 4 plugins.
Preloading 1 native plugins for Editor in 0.20 ms.
NullReferenceException: Object reference not set to an instance of an object
  at Unity.XR.Oculus.OculusLoader.AssetPathToAbsolutePath (System.String assetPath) [0x00048] in C:\Users\eecheve\Documents\UnityProjects\VRxn Repo\VRxn\Library\PackageCache\com.unity.xr.oculus@1.9.0\Runtime\OculusLoader.cs:249 
  at Unity.XR.Oculus.OculusLoader.EditorLoadOVRPlugin () [0x0007b] in C:\Users\eecheve\Documents\UnityProjects\VRxn Repo\VRxn\Library\PackageCache\com.unity.xr.oculus@1.9.0\Runtime\OculusLoader.cs:234 

(Filename: Library/PackageCache/com.unity.xr.oculus@1.9.0/Runtime/OculusLoader.cs Line: 249)

Mono: successfully reloaded assembly
- Completed reload, in  2.205 seconds
Platform modules already initialized, skipping
Switching build target platform(5) subTarget(0) extendedPlatform(0) -> platform(13) subTarget(524294) extendedPlatform(0)
Shader 'Universal Render Pipeline/Particles/Lit': fallback shader 'Universal Render Pipeline/Particles/SimpleLit' not found
Refreshing native plugins compatible for Editor in 1.02 ms, found 4 plugins.
Preloading 1 native plugins for Editor in 0.15 ms.
Unloading 3460 Unused Serialized files (Serialized files now loaded: 0)
System memory in use before: 165.3 MB.
System memory in use after: 165.6 MB.

Unloading 10 unused Assets to reduce memory usage. Loaded Objects now: 4093.
Total: 4.040000 ms (FindLiveObjects: 0.483300 ms CreateObjectMapping: 0.265600 ms MarkObjects: 3.265000 ms  DeleteObjects: 0.024700 ms)

AssetImportParameters requested are different than current active one (requested -> active):
  custom:graphics/normal-map-encoding: 01000000000000000000000000000000 -> 02000000000000000000000000000000
========================================================================
Received Prepare
Registering precompiled user dll's ...
Registered in 0.008088 seconds.
Begin MonoManager ReloadAssembly
Native extension for WindowsStandalone target not found
Refreshing native plugins compatible for Editor in 1.03 ms, found 4 plugins.
Preloading 1 native plugins for Editor in 0.14 ms.
NullReferenceException: Object reference not set to an instance of an object
  at Unity.XR.Oculus.OculusLoader.AssetPathToAbsolutePath (System.String assetPath) [0x00048] in C:\Users\eecheve\Documents\UnityProjects\VRxn Repo\VRxn\Library\PackageCache\com.unity.xr.oculus@1.9.0\Runtime\OculusLoader.cs:249 
  at Unity.XR.Oculus.OculusLoader.EditorLoadOVRPlugin () [0x0007b] in C:\Users\eecheve\Documents\UnityProjects\VRxn Repo\VRxn\Library\PackageCache\com.unity.xr.oculus@1.9.0\Runtime\OculusLoader.cs:234 

(Filename: Library/PackageCache/com.unity.xr.oculus@1.9.0/Runtime/OculusLoader.cs Line: 249)

Mono: successfully reloaded assembly
- Completed reload, in  1.948 seconds
Platform modules already initialized, skipping
Switching build target platform(5) subTarget(0) extendedPlatform(0) -> platform(13) subTarget(524294) extendedPlatform(0)
Shader 'Universal Render Pipeline/Particles/Lit': fallback shader 'Universal Render Pipeline/Particles/SimpleLit' not found
Refreshing native plugins compatible for Editor in 3.87 ms, found 4 plugins.
Preloading 1 native plugins for Editor in 0.21 ms.
Unloading 3460 Unused Serialized files (Serialized files now loaded: 0)
System memory in use before: 165.4 MB.
System memory in use after: 165.7 MB.

Unloading 10 unused Assets to reduce memory usage. Loaded Objects now: 4097.
Total: 8.778500 ms (FindLiveObjects: 1.055600 ms CreateObjectMapping: 0.484600 ms MarkObjects: 7.198600 ms  DeleteObjects: 0.032900 ms)

AssetImportParameters requested are different than current active one (requested -> active):
  custom:graphics/normal-map-encoding: 01000000000000000000000000000000 -> 02000000000000000000000000000000
========================================================================
Received Prepare
Registering precompiled user dll's ...
Registered in 0.008059 seconds.
Begin MonoManager ReloadAssembly
Native extension for WindowsStandalone target not found
Refreshing native plugins compatible for Editor in 1.17 ms, found 4 plugins.
Preloading 1 native plugins for Editor in 0.14 ms.
NullReferenceException: Object reference not set to an instance of an object
  at Unity.XR.Oculus.OculusLoader.AssetPathToAbsolutePath (System.String assetPath) [0x00048] in C:\Users\eecheve\Documents\UnityProjects\VRxn Repo\VRxn\Library\PackageCache\com.unity.xr.oculus@1.9.0\Runtime\OculusLoader.cs:249 
  at Unity.XR.Oculus.OculusLoader.EditorLoadOVRPlugin () [0x0007b] in C:\Users\eecheve\Documents\UnityProjects\VRxn Repo\VRxn\Library\PackageCache\com.unity.xr.oculus@1.9.0\Runtime\OculusLoader.cs:234 

(Filename: Library/PackageCache/com.unity.xr.oculus@1.9.0/Runtime/OculusLoader.cs Line: 249)

Mono: successfully reloaded assembly
- Completed reload, in  2.046 seconds
Platform modules already initialized, skipping
Switching build target platform(5) subTarget(0) extendedPlatform(0) -> platform(13) subTarget(524294) extendedPlatform(0)
Shader 'Universal Render Pipeline/Particles/Lit': fallback shader 'Universal Render Pipeline/Particles/SimpleLit' not found
Refreshing native plugins compatible for Editor in 1.30 ms, found 4 plugins.
Preloading 1 native plugins for Editor in 0.16 ms.
Unloading 3460 Unused Serialized files (Serialized files now loaded: 0)
System memory in use before: 165.4 MB.
System memory in use after: 165.7 MB.

Unloading 10 unused Assets to reduce memory usage. Loaded Objects now: 4101.
Total: 4.568600 ms (FindLiveObjects: 0.695800 ms CreateObjectMapping: 0.315200 ms MarkObjects: 3.528900 ms  DeleteObjects: 0.027000 ms)

AssetImportParameters requested are different than current active one (requested -> active):
  custom:graphics/normal-map-encoding: 01000000000000000000000000000000 -> 02000000000000000000000000000000
========================================================================
Received Prepare
Registering precompiled user dll's ...
Registered in 0.004674 seconds.
Begin MonoManager ReloadAssembly
Native extension for WindowsStandalone target not found
Refreshing native plugins compatible for Editor in 1.02 ms, found 4 plugins.
Preloading 1 native plugins for Editor in 0.15 ms.
NullReferenceException: Object reference not set to an instance of an object
  at Unity.XR.Oculus.OculusLoader.AssetPathToAbsolutePath (System.String assetPath) [0x00048] in C:\Users\eecheve\Documents\UnityProjects\VRxn Repo\VRxn\Library\PackageCache\com.unity.xr.oculus@1.9.0\Runtime\OculusLoader.cs:249 
  at Unity.XR.Oculus.OculusLoader.EditorLoadOVRPlugin () [0x0007b] in C:\Users\eecheve\Documents\UnityProjects\VRxn Repo\VRxn\Library\PackageCache\com.unity.xr.oculus@1.9.0\Runtime\OculusLoader.cs:234 

(Filename: Library/PackageCache/com.unity.xr.oculus@1.9.0/Runtime/OculusLoader.cs Line: 249)

Mono: successfully reloaded assembly
- Completed reload, in  2.115 seconds
Platform modules already initialized, skipping
Switching build target platform(5) subTarget(0) extendedPlatform(0) -> platform(13) subTarget(524294) extendedPlatform(0)
Shader 'Universal Render Pipeline/Particles/Lit': fallback shader 'Universal Render Pipeline/Particles/SimpleLit' not found
Refreshing native plugins compatible for Editor in 1.18 ms, found 4 plugins.
Preloading 1 native plugins for Editor in 0.16 ms.
Unloading 3460 Unused Serialized files (Serialized files now loaded: 0)
System memory in use before: 165.4 MB.
System memory in use after: 165.7 MB.

Unloading 10 unused Assets to reduce memory usage. Loaded Objects now: 4105.
Total: 4.411400 ms (FindLiveObjects: 0.749000 ms CreateObjectMapping: 0.394300 ms MarkObjects: 3.238800 ms  DeleteObjects: 0.027000 ms)

AssetImportParameters requested are different than current active one (requested -> active):
  custom:graphics/normal-map-encoding: 01000000000000000000000000000000 -> 02000000000000000000000000000000
AssetImportWorkerClient::OnTransportError - code=2 error=End of file
